device: d2-36-e5-91-a0-12
url: http://www.20minutos.es/minuteca/dodge
timestamp: 1397656847
device: ae-da-e6-c7-25-74
url: http://es.noticias.yahoo.com/11/20101122/twl-asi-gen-china-mina-cabeza-59fcc2c.html
timestamp: 1397656886
device: 8c-48-af-b1-c1-34
url: http://t2.qlogo.cn/mbloghead/3c7ca86ff914edb32286/50
timestamp: 1397656937
device: 9e-da-4f-04-0f-34
url: http://lady.qq.com/a/20101116/000033.htm
timestamp: 1397656880
device: 8c-48-af-b1-c1-34
url: http://www.facebook.com/share.php?u=http%3A%2F%2Fjoneame.net%2Fhistoria%2F16-chochos-y-32-tetas-nsfw
timestamp: 1397656951
device: 9e-da-4f-04-0f-34
url: http://gongyi.qq.com/aixinguo.htm
timestamp: 1397656944
device: d2-36-e5-91-a0-12
url: http://c.l.qq.com/adsclick?oid=1197888&loc=News_ZS_text7
timestamp: 1397656955
device: c0-a0-39-6e-c8-8e
url: http://www.noticiasdenavarra.com/2010/11/22/mundo/la-fatidica-cuenta-atras-para-los-29-mineros-kiwi
timestamp: 1397656853
device: fc-62-0a-7c-16-ea
url: http://www.imdb.com/photo_galleries/new_photos/2010/index
timestamp: 1397656905
device: c2-45-e3-fb-2d-0e
url: http://www.sanborondon.info/content/archivecategory/0/9/63/2008/7/1/
timestamp: 1397656916
device: fc-62-0a-7c-16-ea
url: http://www.elcorreogallego.es/galicia/ecg/non-imos-permitir-ninguen-faga-negocio-coa-sanidade/idEdicion-2010-11-22/idNoticia-613146/
timestamp: 1397656990
device: c0-a0-39-6e-c8-8e
url: http://www.forochicas.com/foro/chicas/cali-21574.html
timestamp: 1397656968
device: fc-62-0a-7c-16-ea
url: http://www.facebook.com/share.php?u=http%3A%2F%2Fjoneame.net%2Fhistoria%2Fjoneantes-somos-tios-sinceros
timestamp: 1397656806
device: ae-da-e6-c7-25-74
url: http://www.abc.es/agencias/noticia.asp?noticia=598591
timestamp: 1397656929
device: 9e-da-4f-04-0f-34
url: http://downloads.sourceforge.net/project/robocode/robocode/1.7.2.2/robocode-1.7.2.2-setup.jar?r=&amp
timestamp: 1397656908
device: ea-13-f8-a5-dd-cf
url: http://identi.ca/maturano
timestamp: 1397656900
device: ae-da-e6-c7-25-74
url: http://www.abc.es/20101121/internacional/millones-dolares-cabeza-chavez-201011211658.html
timestamp: 1397656854
device: 21-0a-a0-75-01-f6
url: https://xxx.org/01/01
timestamp: 1397656814
device: d2-36-e5-91-a0-12
url: http://luxury.qq.com/up/index.htm
timestamp: 1397656995
device: c2-45-e3-fb-2d-0e
url: http://mas.lne.es/sporting/jugadores/guillermo.html
timestamp: 1397656932
device: ea-13-f8-a5-dd-cf
url: http://estaticos.elmundo.es/js/accordian.js
timestamp: 1397656874
device: ea-13-f8-a5-dd-cf
url: http://www.sanborondon.info/content/archivecategory/2008/08/1/
timestamp: 1397656807
device: 1d-c6-5b-f4-40-08
url: http://www.gencat.cat/guiabreu
timestamp: 1397656991
device: 21-0a-a0-75-01-f6
url: http://www.news.cn/xhft/20100907/
timestamp: 1397656858
device: d2-36-e5-91-a0-12
url: http://www.elperiodico.cat/ca/destacados/avisadorultimahora.shtml
timestamp: 1397656870
device: 8c-48-af-b1-c1-34
url: https://goatxxxbieber.museum/pictures/index.html
timestamp: 1397656888
device: d2-36-e5-91-a0-12
url: http://animal.org/page/index.html
timestamp: 1397656936
device: c0-a0-39-6e-c8-8e
url: https://bieber.net/index.html
timestamp: 1397656830
device: 7a-d7-09-2b-f2-b7
url: http://sports.qq.com/a/20101123/001987.htm
timestamp: 1397656991
device: c2-45-e3-fb-2d-0e
url: http://www.20minutos.es/galeria/6440/0/2/zapatero-en-la-casa-blanca/
timestamp: 1397656887
device: 21-0a-a0-75-01-f6
url: http://www.elmundo.es/blogs/elmundo/bettyzoom/2010/11/19/se-esta-muriendo-gh.html
timestamp: 1397656975
device: ae-da-e6-c7-25-74
url: http://www.abc.es/20101116/cultura-arte/museo-dibujo-ilustracion-abre-20101116.html&amp
timestamp: 1397656948
device: 9e-da-4f-04-0f-34
url: https://paginasegura.abc.es/papel/paso1Espana.asp
timestamp: 1397656804
device: ae-da-e6-c7-25-74
url: http://blogs.20minutos.es/150xdia/2010/11/19/las-palabras-del-ajeno-%e2%80%93-primera-entrega/
timestamp: 1397656815
device: fc-62-0a-7c-16-ea
url: http://clk.atdmt.com/MRT/go/264306356/direct/01/
timestamp: 1397656945
device: fc-62-0a-7c-16-ea
url: http://www.elmundo.es/elmundodeporte/2010/11/19/motor/1290166164.html
timestamp: 1397656905
device: 9e-da-4f-04-0f-34
url: http://tubefreegoat.net/page/01
timestamp: 1397656962
device: d2-36-e5-91-a0-12
url: http://www.facebook.com/share.php?u=http%3A%2F%2Fjoneame.net%2Fhistoria%2Fla-ficcion-supera-la-realidad
timestamp: 1397656840
device: ea-13-f8-a5-dd-cf
url: http://downloads.sourceforge.net/project/contineo/binaries/Contineo%203.0.4/contineo-web-3.0.4-api.jar?r=&amp
timestamp: 1397656903
device: fc-62-0a-7c-16-ea
url: http://lady.qq.com/a/20101119/000175.htm
timestamp: 1397656977
device: 9e-da-4f-04-0f-34
url: http://d3uwin5q170wpc.cloudfront.net/photo/34113_460.jpg
timestamp: 1397656944
device: c2-45-e3-fb-2d-0e
url: http://www.20minutos.es/motor/coches-nuevos/rolls-royce/
timestamp: 1397656913
device: 21-0a-a0-75-01-f6
url: http://www.fgc.cat/cat/alerta.asp
timestamp: 1397656975
device: 1d-c6-5b-f4-40-08
url: http://www.unidadeditorial.com/publicidad/
timestamp: 1397656976
device: c0-a0-39-6e-c8-8e
url: http://actualidad.abc.es/mundial-baloncesto
timestamp: 1397656809
device: ea-13-f8-a5-dd-cf
url: http://www.abc.es/servicios/promociones/
timestamp: 1397656833
device: d2-36-e5-91-a0-12
url: http://downloads.sourceforge.net/project/getgnuwin32/getgnuwin32/0.6.30/GetGnuWin32-0.6.3.exe?r=&amp
timestamp: 1397656942
device: ea-13-f8-a5-dd-cf
url: http://www.microsoft.com/downloads/en/default.aspx?WT.mc_id=MSCOM_HP_US_Nav_DT_Downloads
timestamp: 1397656823
device: 1d-c6-5b-f4-40-08
url: http://www.forochicas.com/foro/pareja/23708-acuerdo-separacion-texto.html
timestamp: 1397656800
device: 9e-da-4f-04-0f-34
url: http://ad.doubleclick.net/ad/dgg.tn/home_tn_siderailpromo1
timestamp: 1397656910
device: 8c-48-af-b1-c1-34
url: http://www.europapress.es/internacional/noticia-ampl-ue-ministros-economia-ue-acuerdan-acudir-rescate-irlanda-20101121212612.html
timestamp: 1397656912
device: c0-a0-39-6e-c8-8e
url: http://www.20minutos.es/noticia/878727/0/fetos/templo/tailandia/
timestamp: 1397656916
device: 1d-c6-5b-f4-40-08
url: http://www.criticalgamer.co.uk/2009/09/01/ps3-wand-put-it-away-sony/
timestamp: 1397656821
device: ea-13-f8-a5-dd-cf
url: http://mat1.qq.com/js/speed_v1.9-min.js
timestamp: 1397656943
device: 7a-d7-09-2b-f2-b7
url: http://downloads.sourceforge.net/project/kolmafia/Current%20Release/KoLmafia-14.3.jar?r=&amp
timestamp: 1397656799
device: fc-62-0a-7c-16-ea
url: http://www.bbc.co.uk/go/homepage/i/int/br/languages/french/t/-/languages/french/
timestamp: 1397656830
device: ae-da-e6-c7-25-74
url: http://news.google.com/news?ned=fr
timestamp: 1397656898
device: 1d-c6-5b-f4-40-08
url: http://pirata.cat/bloc/?tag=biblioteques
timestamp: 1397656826
device: 7a-d7-09-2b-f2-b7
url: http://bookapp.book.qq.com/inc/ph_new_favor_week_1.htm
timestamp: 1397656901
device: 8c-48-af-b1-c1-34
url: http://twitter.com/home?status=El
timestamp: 1397656905
device: 21-0a-a0-75-01-f6
url: http://search.dmtracker.com/images/zig.gif?Log=1
timestamp: 1397656941
device: d2-36-e5-91-a0-12
url: http://stockhtm.finance.qq.com/hk/ggcx/HSI.htm
timestamp: 1397656844
device: c0-a0-39-6e-c8-8e
url: http://www.forocoches.com/foro/showthread.php?t=764931
timestamp: 1397656835
device: d2-36-e5-91-a0-12
url: http://sr.wikipedia.org/wiki/
timestamp: 1397656922
device: d2-36-e5-91-a0-12
url: http://ad.doubleclick.net/adj/ostg.sourceforge/
timestamp: 1397656996
device: 8c-48-af-b1-c1-34
url: http://go.microsoft.com/fwlink/?LinkID=139755
timestamp: 1397656936
device: 21-0a-a0-75-01-f6
url: http://www.sanborondon.info/index2.php?option=com_content&amp
timestamp: 1397656875
device: 21-0a-a0-75-01-f6
url: http://bookapp.book.qq.com/cgi-bin/book_list_new?lt=0&sortid=4
timestamp: 1397656919
device: c0-a0-39-6e-c8-8e
url: http://www.finanzas.com/cotizacion/nasdaq-100.htm
timestamp: 1397656807
device: ea-13-f8-a5-dd-cf
url: http://www.surveymonkey.com/s/ZNBQMYJ
timestamp: 1397656932
device: c0-a0-39-6e-c8-8e
url: http://www.qq.com/icp.shtml
timestamp: 1397656883
device: 7a-d7-09-2b-f2-b7
url: http://user.qzone.qq.com/120308730/taotao
timestamp: 1397656802
device: c2-45-e3-fb-2d-0e
url: http://images.apple.com/global/metrics/js/s_code_h.js
timestamp: 1397656933
device: 21-0a-a0-75-01-f6
url: http://www.marca.com/multimedia/primeras/10/11/1123.html
timestamp: 1397656825
device: c0-a0-39-6e-c8-8e
url: http://www.marca.com/2010/11/12/multimedia/graficos/1289587089.html
timestamp: 1397656887
device: 7a-d7-09-2b-f2-b7
url: http://www.elincordio.com/2007/05/25/el-patio-de-monipodio/
timestamp: 1397656911
device: d2-36-e5-91-a0-12
url: http://www.idsoftware.com/documents/08-1448.pdf
timestamp: 1397656914
device: 21-0a-a0-75-01-f6
url: http://www.sanborondon.info/content/blogcategory/19/78/
timestamp: 1397656808
device: ea-13-f8-a5-dd-cf
url: http://www.elmundo.es/horoscopo/
timestamp: 1397656825
device: d2-36-e5-91-a0-12
url: http://news.qq.com/photon/topphoto.shtml
timestamp: 1397656805
device: 9e-da-4f-04-0f-34
url: http://adsview.qq.com/adsview?c=news&l=News_ZS_text12&log=off
timestamp: 1397656870
device: 7a-d7-09-2b-f2-b7
url: https://n-1.cc/pg/groups/42696/piratacat/
timestamp: 1397656958
device: 8c-48-af-b1-c1-34
url: http://videos.lainformacion.com/economia-negocios-y-finanzas/casinos-y-juegos-de-azar/el-poker-en-tres-manos-tres-la-enfermedad-del-juego_KHPtH9esTx90UAJw3t9tL7/
timestamp: 1397656958
device: ae-da-e6-c7-25-74
url: http://auto.qq.com/a/20101119/000016.htm
timestamp: 1397656929
device: 8c-48-af-b1-c1-34
url: http://www.diariosigloxxi.com/texto-diario/mostrar/63125/hablando-en-el-campo
timestamp: 1397656863
device: 7a-d7-09-2b-f2-b7
url: http://www.terra.es/deportes/futbol
timestamp: 1397656958
device: 21-0a-a0-75-01-f6
url: http://luz.idealo.es/andalucia-es-el-punto-de-inversion-de-endesa-para-los-proyectos-idi-entre-estos-la-smartcity
timestamp: 1397656852
device: 7a-d7-09-2b-f2-b7
url: https://account.betfair.com/account-web/registerAccount.html?promotionCode=MEJCUJ6HG
timestamp: 1397656897
device: c2-45-e3-fb-2d-0e
url: http://identi.ca/notice/59113948
timestamp: 1397656798
device: c2-45-e3-fb-2d-0e
url: http://www2.elperiodico.es/blogscat/mapamundi/blogs/Arrels/default.aspx
timestamp: 1397656965
device: 1d-c6-5b-f4-40-08
url: http://technet.microsoft.com/platform/controls/SilverlightSupport/labrador.asmx
timestamp: 1397656912
device: ae-da-e6-c7-25-74
url: http://channel9.msdn.com/shows/History/
timestamp: 1397656995
device: 1d-c6-5b-f4-40-08
url: http://www.qq.com/iskin960/
timestamp: 1397656842
device: ea-13-f8-a5-dd-cf
url: http://estaticos.20minutos.es/js/adsense.js?20100407
timestamp: 1397656936
device: c2-45-e3-fb-2d-0e
url: http://t.qq.com/tonypark
timestamp: 1397656859
device: ea-13-f8-a5-dd-cf
url: http://www.elmundo.es/elmundo/fotos_24h/2010/11/19/
timestamp: 1397656893
device: ae-da-e6-c7-25-74
url: http://www.sanborondon.info/content/blogcategory/13/73/
timestamp: 1397656873
device: 8c-48-af-b1-c1-34
url: http://goat.museum/index.html
timestamp: 1397656989
device: d2-36-e5-91-a0-12
url: http://astro.lady.qq.com/a/20101119/000010.htm
timestamp: 1397656994
device: c2-45-e3-fb-2d-0e
url: http://www.elmundo.es/documentos/2004/06/sociedad/malostratos/index.html
timestamp: 1397656883
device: ea-13-f8-a5-dd-cf
url: http://wild.com/01/index.html
timestamp: 1397656814
device: ea-13-f8-a5-dd-cf
url: http://page.vote.qq.com/?id=617320
timestamp: 1397656949
device: 8c-48-af-b1-c1-34
url: http://pirata.cat/bloc/wp-content/themes/station/core/js/belatedpng.js
timestamp: 1397656806
device: d2-36-e5-91-a0-12
url: http://identi.ca/group/298/id
timestamp: 1397656873
device: ae-da-e6-c7-25-74
url: http://ia.media-imdb.com/images/M/MV5BMjAzMjk3NjUwNl5BMl5BanBnXkFtZTcwNTE2MTgwNA
timestamp: 1397656898
device: 7a-d7-09-2b-f2-b7
url: http://data.auto.qq.com/car_brand/index.shtml
timestamp: 1397656977
device: 7a-d7-09-2b-f2-b7
url: http://www.elmundo.es/hacemosesto/hacemosesto-elmundo.html
timestamp: 1397656804
device: c0-a0-39-6e-c8-8e
url: http://cachevideos.marca.com/estaticos/2010/11/19/10119preciado.flv&amp
timestamp: 1397656952
device: d2-36-e5-91-a0-12
url: http://www.infocoches.com/noticia/general-motors-vuelve-lo-grande-wall-street-58485.html
timestamp: 1397656985
device: ea-13-f8-a5-dd-cf
url: http://www.elmundo.es/cartelera/index.html
timestamp: 1397656861
device: ae-da-e6-c7-25-74
url: http://www.20minutos.es/noticia/879027/0/
timestamp: 1397656920
device: ae-da-e6-c7-25-74
url: http://c.l.qq.com/adsclick?oid=1201571&loc=News_F_Width2_text6
timestamp: 1397656846
device: 21-0a-a0-75-01-f6
url: http://news.bbc.co.uk/news/business/market_data/stockmarket/2/
timestamp: 1397656825
device: ae-da-e6-c7-25-74
url: http://www.20minutos.es/galeria/476/0/13/tokyo-coches-maserati/
timestamp: 1397656933
device: c0-a0-39-6e-c8-8e
url: http://www.20minutos.es/pais-vasco/
timestamp: 1397656865
device: 9e-da-4f-04-0f-34
url: http://c.l.qq.com/adsclick?oid=1201561&loc=News_F_Width2_text2
timestamp: 1397656859
device: ea-13-f8-a5-dd-cf
url: http://www.abc.es/catalunya/barcelona-gerona-lerida-tarragona.asp
timestamp: 1397656907
device: d2-36-e5-91-a0-12
url: http://www.finanzas.com/cotizacion/Repsol-ypf-mercadocontinuo.htm
timestamp: 1397656946
device: 8c-48-af-b1-c1-34
url: http://i2.technet.microsoft.com/platform/cjs/extract/compositejscript3.js
timestamp: 1397656942
device: 8c-48-af-b1-c1-34
url: http://downloads.sourceforge.net/project/struts/dialogs/dialogs-1.22/dialogs-1.22.jar?r=&amp
timestamp: 1397656910
device: 21-0a-a0-75-01-f6
url: http://joneame.net/historia/032588
timestamp: 1397656942
device: 1d-c6-5b-f4-40-08
url: http://noticias.lainformacion.com/economia-negocios-y-finanzas/productos-farmaceuticos/mil-millones-de-personas-no-pueden-permitirse-atencion-sanitaria_eUsGkJOqHg5KVXchO2lSy3/
timestamp: 1397656811
device: ea-13-f8-a5-dd-cf
url: http://www.forocoches.com/foro/showthread.php?p=22107123&amp
timestamp: 1397656983
device: 8c-48-af-b1-c1-34
url: http://passport.baidu.com/?login&tpl=mn
timestamp: 1397656918
device: 21-0a-a0-75-01-f6
url: http://www.marca.com/ocio/marcatoons/
timestamp: 1397656846
device: c0-a0-39-6e-c8-8e
url: http://mycomic.qq.com/book.php?id=102706&pid=3
timestamp: 1397656927
device: 9e-da-4f-04-0f-34
url: http://www.20minutos.es/noticia/878997/0/
timestamp: 1397656836
device: d2-36-e5-91-a0-12
url: http://t.qq.com/michelejiaxin?pref=qqcom.dpright
timestamp: 1397656961
device: d2-36-e5-91-a0-12
url: http://www.20minutos.es/noticia/878557/0/carburantes/precio/ue/
timestamp: 1397656941
device: 8c-48-af-b1-c1-34
url: http://technet.microsoft.com/en-us/ff871920.aspx
timestamp: 1397656826
device: ae-da-e6-c7-25-74
url: http://www.latiendaenantena.com/default/novedades.html
timestamp: 1397656920
device: c2-45-e3-fb-2d-0e
url: http://microsite.20minutos.es/radio-rockola/
timestamp: 1397656950
device: c0-a0-39-6e-c8-8e
url: http://joneame.net/historia/032583
timestamp: 1397656968
device: 1d-c6-5b-f4-40-08
url: http://wikimediafoundation.org/wiki/Our_projects
timestamp: 1397656878
device: 7a-d7-09-2b-f2-b7
url: http://blog.qq.com/qzone/645455864/1290393710.htm
timestamp: 1397656821
device: 1d-c6-5b-f4-40-08
url: http://avatar.identi.ca/75542-48-20101031225810.jpeg
timestamp: 1397656995
device: c2-45-e3-fb-2d-0e
url: http://bieberporn.xxx/gallery
timestamp: 1397656819
device: d2-36-e5-91-a0-12
url: http://www.20minutos.es/encuesta/4153/0/0/
timestamp: 1397656829
device: 7a-d7-09-2b-f2-b7
url: http://news.qq.com/hebei/index.htm
timestamp: 1397656995
device: c0-a0-39-6e-c8-8e
url: http://www.uab.es/servlet/Satellite/investigar/serveis-de-suport/serveis-cientificotecnics-1092049471532.html
timestamp: 1397656893
device: 9e-da-4f-04-0f-34
url: http://www.20minutos.es/minuteca/psoe/
timestamp: 1397656897
device: ae-da-e6-c7-25-74
url: http://www.antena3.com/teletexto/home.htm
timestamp: 1397656957
device: ae-da-e6-c7-25-74
url: http://news.qq.com/a/20101112/001767.htm
timestamp: 1397656837
device: 9e-da-4f-04-0f-34
url: http://xxx.gob/page/01
timestamp: 1397656899
device: c2-45-e3-fb-2d-0e
url: http://joneame.net/historia/032634
timestamp: 1397656815
device: ea-13-f8-a5-dd-cf
url: http://www.mct.es/plugins/content/mavikthumbnails/slimbox/css/slimbox.css
timestamp: 1397656823
device: 9e-da-4f-04-0f-34
url: http://bookapp.book.qq.com/inc/ph_put_total_1.htm
timestamp: 1397656838
device: 1d-c6-5b-f4-40-08
url: http://www.facebook.com/plugins/like.php?href=http
timestamp: 1397656874
device: 9e-da-4f-04-0f-34
url: http://rss.qq.com/bb.htm
timestamp: 1397656858
device: ae-da-e6-c7-25-74
url: http://comic.qq.com/a/20101119/000009.htm
timestamp: 1397656943
device: ea-13-f8-a5-dd-cf
url: http://www.elmundo.es/mapadelsitio/faq.html
timestamp: 1397656959
device: 21-0a-a0-75-01-f6
url: http://www.invertia.com/noticias/articulo-final.asp?idNoticia=2434116
timestamp: 1397656846
device: 7a-d7-09-2b-f2-b7
url: http://news.google.com/news?ned=en_tz
timestamp: 1397656833
device: c0-a0-39-6e-c8-8e
url: http://news.google.com/news?ned=es_ve
timestamp: 1397656839
device: ae-da-e6-c7-25-74
url: http://clk.atdmt.com/MRT/go/265109100/direct/01/
timestamp: 1397656864
device: 21-0a-a0-75-01-f6
url: http://adsview.qq.com/adsview?c=news&l=News_F_TD_text9&log=off
timestamp: 1397656927
device: c0-a0-39-6e-c8-8e
url: http://news.qq.com/a/20101123/000773.htm
timestamp: 1397656970
device: ae-da-e6-c7-25-74
url: http://book.qq.com/lianzaiindex/sort13/vip1_index_1.htm
timestamp: 1397656801
device: 21-0a-a0-75-01-f6
url: http://www.tencent.com/zh-cn/at/pr/detail.shtml?id=at_2010_20101026
timestamp: 1397656920
device: fc-62-0a-7c-16-ea
url: http://mas.lne.es/sporting/calendario/liga/espanyol/sporting/36.html
timestamp: 1397656964
device: c2-45-e3-fb-2d-0e
url: https://lists.wikimedia.org/mailman/listinfo/daily-article-l
timestamp: 1397656835
device: ea-13-f8-a5-dd-cf
url: http://www.elmundo.es/mundodinero/2010/11/22/economia/1290422778.html
timestamp: 1397656931
device: 21-0a-a0-75-01-f6
url: http://sstatic.net/js/master.js?v=1e5e4ebee20a
timestamp: 1397656974
device: ae-da-e6-c7-25-74
url: http://www.elmundo.es/elmundodeporte/tenis.html
timestamp: 1397656918
device: ae-da-e6-c7-25-74
url: http://especiales.elperiodico.com/sorteos/default.asp
timestamp: 1397656823
device: 9e-da-4f-04-0f-34
url: https://barrapunto.com/login.pl
timestamp: 1397656943
device: fc-62-0a-7c-16-ea
url: http://www.elmundo.es/elmundo/2010/11/21/galicia/1290368041.html&amp
timestamp: 1397656908
device: ae-da-e6-c7-25-74
url: http://www.sanborondon.info/templates/plantilla_sb/images/sanborondon_logo.swf
timestamp: 1397656827
device: 9e-da-4f-04-0f-34
url: http://www.meneame.net/story/prohiben-novela-mundo-feliz-escuela
timestamp: 1397656941
device: 21-0a-a0-75-01-f6
url: http://www.sanborondon.info/content/archivecategory/0/9/603/2008/7/1/
timestamp: 1397656909
device: 1d-c6-5b-f4-40-08
url: http://lady.qq.com/a/20101116/000029.htm
timestamp: 1397656809
device: c2-45-e3-fb-2d-0e
url: http://www.20minutos.es/vineta/gonzotba-tira-ecol/1910/0/probando-el-analizador-mental/
timestamp: 1397656858
device: c2-45-e3-fb-2d-0e
url: http://www.marca.com/edicion/marca/corporativo/es/desarrollo/1128326.html
timestamp: 1397656947
device: c0-a0-39-6e-c8-8e
url: http://ligafantastica.marca.com/2010-11/
timestamp: 1397656972
device: 1d-c6-5b-f4-40-08
url: http://www.forochicas.com/foro/pareja/23597-hagoooooooooooooooooooo.html
timestamp: 1397656946
device: d2-36-e5-91-a0-12
url: http://media.people.com.cn/GB/8684861.html
timestamp: 1397656993
device: 1d-c6-5b-f4-40-08
url: http://card.games.qq.com/index/game/id/370
timestamp: 1397656906
device: 9e-da-4f-04-0f-34
url: http://www.avg.com/es-es/reseller
timestamp: 1397656908
device: d2-36-e5-91-a0-12
url: http://www.20minutos.es/tecnologia/
timestamp: 1397656961
device: fc-62-0a-7c-16-ea
url: http://twitter.com/elmundoes
timestamp: 1397656968
device: 8c-48-af-b1-c1-34
url: http://www.meneame.net/rss2.php
timestamp: 1397656901
device: 9e-da-4f-04-0f-34
url: http://rss.qq.com/book.htm
timestamp: 1397656936
device: 7a-d7-09-2b-f2-b7
url: http://t3.qlogo.cn/mbloghead/f67d650d2c7245885f7c/50
timestamp: 1397656804
device: 1d-c6-5b-f4-40-08
url: http://www.uab.es/anydelaquimica/
timestamp: 1397656937
device: 1d-c6-5b-f4-40-08
url: http://www.mimesacojea.com/2009/08/clase-de-negocios.html
timestamp: 1397656851
device: 7a-d7-09-2b-f2-b7
url: http://windows.microsoft.com/upgradeadvisor
timestamp: 1397656827
device: 21-0a-a0-75-01-f6
url: http://es.wikipedia.org/wiki/Categor%C3%ADa
timestamp: 1397656852
device: 7a-d7-09-2b-f2-b7
url: http://www.abc.es/galicia/lugo-pontevedra-coruna-orense.asp
timestamp: 1397656812
device: 21-0a-a0-75-01-f6
url: http://www.abc.es/agencias/noticia.asp?noticia=598408
timestamp: 1397656839
device: c0-a0-39-6e-c8-8e
url: http://www.facebook.com/profile.php?id=100001169616009&v=wall
timestamp: 1397656918
device: 9e-da-4f-04-0f-34
url: http://mat1.gtimg.com/www/hd/hd_min_v1.1.1.js
timestamp: 1397656946
device: fc-62-0a-7c-16-ea
url: http://www.geonames.org/2634343
timestamp: 1397656803
device: 9e-da-4f-04-0f-34
url: http://www.abc.es/juegos/shangai.htm
timestamp: 1397656824
device: 9e-da-4f-04-0f-34
url: http://clk.atdmt.com/MRT/go/256337267/direct/01/
timestamp: 1397656918
device: d2-36-e5-91-a0-12
url: http://sports.qq.com/a/20101123/000387.htm
timestamp: 1397656938
device: ae-da-e6-c7-25-74
url: http://www.elmundo.es/mundodinero/2010/11/22/economia/1290420277.html
timestamp: 1397656816
device: 9e-da-4f-04-0f-34
url: http://www.elcultural.es/blogs_comentario/To_be_continued.../13/7669/Berlanga_catodico
timestamp: 1397656861
device: c2-45-e3-fb-2d-0e
url: http://1.gravatar.com/avatar/12fed2e5954399843e17d36ce6965455?s=46&amp
timestamp: 1397656852
device: ae-da-e6-c7-25-74
url: http://en.wikiquote.org/wiki/
timestamp: 1397656876
device: 21-0a-a0-75-01-f6
url: http://www.forochicas.com/foro/pareja/23497-consultorio-sexual-by-eowyn-entra-si-tienes-dudas-4.html
timestamp: 1397656935
device: d2-36-e5-91-a0-12
url: http://www.microsoft.com/web/downloads/platform.aspx
timestamp: 1397656958
device: 21-0a-a0-75-01-f6
url: http://pirata.cat/bloc/?tag=angel-vazquez
timestamp: 1397656850
device: 21-0a-a0-75-01-f6
url: http://www.forochicas.com/foro/inlinemod.php?forumid=20
timestamp: 1397656801
device: 1d-c6-5b-f4-40-08
url: http://mas.lne.es/sporting/js/mod-ultimas-noticias-superior.js
timestamp: 1397656871
device: 7a-d7-09-2b-f2-b7
url: http://ad.doubleclick.net/ad/imdb2.consumer.homepage/
timestamp: 1397656923
device: 21-0a-a0-75-01-f6
url: http://www.publico.es/internacional/346681/los-desaparecidos-de-el-aaiun-ya-estan-muertos
timestamp: 1397656928
device: 8c-48-af-b1-c1-34
url: https://antena3.lotopia.com/user/redirect.jsp?partner=an3-015
timestamp: 1397656808
device: fc-62-0a-7c-16-ea
url: http://www.20minutos.es/blogs_opinion/
timestamp: 1397656831
device: 1d-c6-5b-f4-40-08
url: http://smart.20minutos.es/call/cliccommand/3230995/?http
timestamp: 1397656862
device: c2-45-e3-fb-2d-0e
url: http://c.l.qq.com/adsclick?oid=1011924&loc=QQ_3_Text3
timestamp: 1397656943
device: 1d-c6-5b-f4-40-08
url: http://www.criticalgamer.co.uk/category/sony/psp-pspgo/
timestamp: 1397656819
device: 21-0a-a0-75-01-f6
url: http://games.qq.com/a/20101116/000466.htm
timestamp: 1397656844
device: 8c-48-af-b1-c1-34
url: http://www2.elperiodico.es/BLOGScat/blogs/eliseooliveras/default.aspx
timestamp: 1397656912
device: ea-13-f8-a5-dd-cf
url: http://www.elmundo.es/metropoli/arte.html
timestamp: 1397656928
device: 8c-48-af-b1-c1-34
url: http://www.bbc.co.uk/go/homepage/i/int/br/ne/asiapacific/t/-/news/2/hi/asia-pacific/default.stm
timestamp: 1397656986
device: ea-13-f8-a5-dd-cf
url: http://blog.qq.com/qzone/3178410/1290065186.htm
timestamp: 1397656930
device: 8c-48-af-b1-c1-34
url: http://www.marca.com/2010/11/18/futbol/equipos/atletico/1290072029.html
timestamp: 1397656935
device: ae-da-e6-c7-25-74
url: http://premsa.gencat.cat/pres_fsvp/AppJava/notapremsavw/detall.do?id=56867&amp
timestamp: 1397656827
device: 21-0a-a0-75-01-f6
url: http://validator.w3.org/mobile/
timestamp: 1397656802
device: 8c-48-af-b1-c1-34
url: http://www.latiendademarca.com/seccion08.html
timestamp: 1397656824
device: fc-62-0a-7c-16-ea
url: http://www.coches.net/?link=2868&amp
timestamp: 1397656806
device: ae-da-e6-c7-25-74
url: http://www.bbc.co.uk/go/homepage/i/int/br/mus/genres/t/-/music/genres/
timestamp: 1397656852
device: c0-a0-39-6e-c8-8e
url: http://www.paipai.com/?ADTAG=132.3.1
timestamp: 1397656901
device: c0-a0-39-6e-c8-8e
url: http://www.20minutos.tv/motor/
timestamp: 1397656986
device: 7a-d7-09-2b-f2-b7
url: http://sstatic.net/js/master.js?v=1e5e4ebee20a
timestamp: 1397656910
device: 21-0a-a0-75-01-f6
url: http://games.qq.com/a/20101121/000080.htm
timestamp: 1397656836
device: ae-da-e6-c7-25-74
url: http://www.20minutos.es/minuteca/rajoy/
timestamp: 1397656983
device: 7a-d7-09-2b-f2-b7
url: http://horoscopo.abc.es/horoscopo-chino
timestamp: 1397656919
device: ae-da-e6-c7-25-74
url: http://www.bbc.co.uk/go/homepage/i/int/br/wea/news/t/-/news/weather/hi/news
timestamp: 1397656874
device: c0-a0-39-6e-c8-8e
url: http://t2.qlogo.cn/mbloghead/995cf828f086c9b47f48/50
timestamp: 1397656886
device: 21-0a-a0-75-01-f6
url: http://twitter.com/home?status=Las
timestamp: 1397656949
device: c2-45-e3-fb-2d-0e
url: http://news.google.com/news?ned=fr_ch
timestamp: 1397656908
device: 7a-d7-09-2b-f2-b7
url: http://www.bbc.co.uk/go/homepage/i/int/br/le/learningenglish/t/-/worldservice/learningenglish/
timestamp: 1397656805
device: 9e-da-4f-04-0f-34
url: http://www.activision.com/en_US/game_specific/472cef71-0694-425c-8379-bd41241548d9.html?_requestid=919921
timestamp: 1397656839
device: c2-45-e3-fb-2d-0e
url: http://www.infocoches.com/fotos/bentley/2010-Continental-Flying-Spur-Speed-China/
timestamp: 1397656944
device: ae-da-e6-c7-25-74
url: http://a1.twimg.com/a/1290206336/images/favicon.ico
timestamp: 1397656933
device: 21-0a-a0-75-01-f6
url: http://boobsporntube.info/pictures/pictures
timestamp: 1397656924
device: c0-a0-39-6e-c8-8e
url: http://www.netvibes.com/subscribe.php?url=http%3A%2F%2Fwww.20minutos.es%2Frss%2Fmotor%2F
timestamp: 1397656897
device: fc-62-0a-7c-16-ea
url: http://www.quakecon.org/venue/
timestamp: 1397656898
device: d2-36-e5-91-a0-12
url: http://mas.lne.es/sporting/js/jquery-1.3.2.min.js
timestamp: 1397656906
device: 9e-da-4f-04-0f-34
url: http://mag.book.qq.com/sports/index.htm
timestamp: 1397656894
device: 8c-48-af-b1-c1-34
url: http://www.forochicas.com/foro/chicas/minisiya-20787.html
timestamp: 1397656857
device: 7a-d7-09-2b-f2-b7
url: http://msdn.microsoft.com/en-us/default.aspx
timestamp: 1397656882
device: c0-a0-39-6e-c8-8e
url: http://www.bbc.com/travel/feature/20101103-from-warhol-to-wright-an-arty-trip-through-pennsylvania
timestamp: 1397656991
device: 1d-c6-5b-f4-40-08
url: http://www.youtube.com/v/ShdS67IJas4?fs=1&amp
timestamp: 1397656809
device: c2-45-e3-fb-2d-0e
url: http://kid.qq.com/youxi/game.htm
timestamp: 1397656859
device: c0-a0-39-6e-c8-8e
url: http://a3.twimg.com/a/1290206336/javascripts/lib/gears_init.js?1290365389
timestamp: 1397656993
device: fc-62-0a-7c-16-ea
url: http://www.google.com/buzz/post?message=EEUU
timestamp: 1397656847
device: 21-0a-a0-75-01-f6
url: http://bbs.book.qq.com/b-1001229324
timestamp: 1397656989
device: c0-a0-39-6e-c8-8e
url: http://yui.yahooapis.com/2.7.0/build/connection/connection-min.js?v=384
timestamp: 1397656894
device: 9e-da-4f-04-0f-34
url: http://pixbox.terra.es/terra/wcms/homepage.html&partnerId=8
timestamp: 1397656934
device: d2-36-e5-91-a0-12
url: http://www.meneame.net/story/el-todo-terreno-definitivo
timestamp: 1397656931
device: 9e-da-4f-04-0f-34
url: http://c.l.qq.com/adsclick?oid=1197810&loc=News_F_Right_text5
timestamp: 1397656868
device: c0-a0-39-6e-c8-8e
url: http://c.l.qq.com/adsclick?oid=1197844&loc=News_F_TSTX_2
timestamp: 1397656836
device: c0-a0-39-6e-c8-8e
url: http://www.geonames.org/890299
timestamp: 1397656981
device: fc-62-0a-7c-16-ea
url: http://contenidos.abc.es/tarifas/indexR.htm
timestamp: 1397656982
device: 1d-c6-5b-f4-40-08
url: http://sexxxxfree.org/gallery
timestamp: 1397656904
device: c0-a0-39-6e-c8-8e
url: http://www.atomicgamer.com/articles/1130/rage-interview
timestamp: 1397656799
device: c0-a0-39-6e-c8-8e
url: http://twitter.com/search?q=Planeta
timestamp: 1397656863
device: ea-13-f8-a5-dd-cf
url: http://news.xinhuanet.com/newmedia/2009-09/30/content_12132240.htm
timestamp: 1397656870
device: ea-13-f8-a5-dd-cf
url: http://www.elperiodico.com/es/noticias/elecciones-28n/20101122/mas-montilla-debatiran-directo-manana-las-2230-horas-tv-3/593757.shtml&amp
timestamp: 1397656904
device: 1d-c6-5b-f4-40-08
url: http://www.europapress.es/internacional/noticia-irlanda-primer-ministro-confirma-irlanda-solicitara-plan-rescate-20101122005936.html
timestamp: 1397656810
device: 9e-da-4f-04-0f-34
url: http://www.forochicas.com/foro/pareja/23809-paso-despues.html
timestamp: 1397656977
device: 8c-48-af-b1-c1-34
url: http://games.qq.com/a/20101118/000518.htm
timestamp: 1397656984
device: c0-a0-39-6e-c8-8e
url: http://www.facebook.com/share.php?u=http%3A%2F%2Fjoneame.net%2Fhistoria%2Fhoy-echan-cuentame
timestamp: 1397656810
device: d2-36-e5-91-a0-12
url: http://www.avg.com/stc/tpl/crp/css/full-print.css
timestamp: 1397656996
device: ae-da-e6-c7-25-74
url: http://d3uwin5q170wpc.cloudfront.net/photo/51230_460.jpg
timestamp: 1397656903
device: c2-45-e3-fb-2d-0e
url: http://www.elmundo.es/elmundo/trailers/estrenos.html
timestamp: 1397656916
device: c2-45-e3-fb-2d-0e
url: http://book.qq.com/s/book/0/21/21221/index.shtml
timestamp: 1397656851
device: c2-45-e3-fb-2d-0e
url: http://www.elmundo.es/elmundo/2010/11/11/cultura/1289493496.html
timestamp: 1397656948
device: 21-0a-a0-75-01-f6
url: http://fw.qq.com/ipaddress
timestamp: 1397656853
device: d2-36-e5-91-a0-12
url: http://www.marca.com/2010/11/22/motor/formula1/1290427084.html
timestamp: 1397656963
device: c2-45-e3-fb-2d-0e
url: http://www.20minutos.es/noticia/878727/0/fetos/templo/tailandia/
timestamp: 1397656946
device: 7a-d7-09-2b-f2-b7
url: http://blog.qq.com/qzone/1260313729/1290419166.htm
timestamp: 1397656876
device: c0-a0-39-6e-c8-8e
url: http://joneame.net/historia/032660
timestamp: 1397656976
device: c2-45-e3-fb-2d-0e
url: http://identi.ca/opensearch/people
timestamp: 1397656818
device: 7a-d7-09-2b-f2-b7
url: http://openx.alimarket.es/www/delivery/afr.php?n=a5ebbfc0&amp
timestamp: 1397656994
device: d2-36-e5-91-a0-12
url: http://www.abc.es/20101122/sociedad/benedicto-impuso-anillo-cardenales-20101122.html
timestamp: 1397656910
device: d2-36-e5-91-a0-12
url: http://www.facebook.com/share.php?u=http%3A%2F%2Fjoneame.net%2Fhistoria%2Fneiko-se-hace-tatuador
timestamp: 1397656880
device: c2-45-e3-fb-2d-0e
url: http://del.icio.us/post?url=http
timestamp: 1397656889
device: ae-da-e6-c7-25-74
url: https://wildsexxxx.xxx/pictures/gallery
timestamp: 1397656908
device: c0-a0-39-6e-c8-8e
url: http://xxxsex.info/gallery
timestamp: 1397656831
device: ea-13-f8-a5-dd-cf
url: http://www.20minutos.es/minuteca/jaguar
timestamp: 1397656807
device: d2-36-e5-91-a0-12
url: http://www.elperiodico.cat/ca/destacados/avisadorultimahora.shtml
timestamp: 1397656886
device: c2-45-e3-fb-2d-0e
url: http://i.technet.microsoft.com/ee694644.Learning_sm
timestamp: 1397656962
device: fc-62-0a-7c-16-ea
url: http://lady.qq.com/d/product/7/6786/
timestamp: 1397656994
device: c2-45-e3-fb-2d-0e
url: http://joneame.net/historia/hoy-echan-cuentame
timestamp: 1397656896
device: ae-da-e6-c7-25-74
url: http://joneame.net/historia/032682
timestamp: 1397656838
device: 1d-c6-5b-f4-40-08
url: http://book.qq.com/zt2010/jiuxingom/index.htm
timestamp: 1397656892
device: ea-13-f8-a5-dd-cf
url: http://twitter.com/search?q=Lyoto
timestamp: 1397656847
device: ea-13-f8-a5-dd-cf
url: http://www.sanborondon.info/content/archivecategory/0/9/36/2008/7/1/
timestamp: 1397656836
device: c2-45-e3-fb-2d-0e
url: http://games.qq.com/a/20101118/000512.htm
timestamp: 1397656822
device: 7a-d7-09-2b-f2-b7
url: http://x5.qq.com/?ADTAG=media.free.qqcom.index_navigation
timestamp: 1397656950
device: c0-a0-39-6e-c8-8e
url: http://downloads.sourceforge.net/project/snare/Snare%20for%20Windows%20Vista-2008-Win7/1.1.5/SnareSetupVista-1.1.5-MultiArch.exe?r=&amp
timestamp: 1397656946
device: 9e-da-4f-04-0f-34
url: http://foros.20minutos.es/viewforum.php?f=82
timestamp: 1397656982
device: 7a-d7-09-2b-f2-b7
url: http://www.bbc.co.uk/go/homepage/i/int/br/ent/head/t/-/news/2/hi/entertainment/default.stm
timestamp: 1397656919
device: 21-0a-a0-75-01-f6
url: http://www.tiramillas.net/2010/11/15/cine/1289835339.html
timestamp: 1397656954
device: c0-a0-39-6e-c8-8e
url: http://news.qq.com/a/20101122/000266.htm
timestamp: 1397656884
device: 9e-da-4f-04-0f-34
url: http://goat.org/content/pictures
timestamp: 1397656944
device: 7a-d7-09-2b-f2-b7
url: http://www.sanborondon.info/content/view/6047/
timestamp: 1397656919
device: c0-a0-39-6e-c8-8e
url: http://www.marca.com/2010/11/22/baloncesto/nba/1290411056.html
timestamp: 1397656871
device: 21-0a-a0-75-01-f6
url: http://a2.twimg.com/a/1290123564/javascripts/i18n/es.js?1290124927
timestamp: 1397656849
device: ae-da-e6-c7-25-74
url: http://pirata.cat/bloc/?p=939
timestamp: 1397656837
device: c2-45-e3-fb-2d-0e
url: http://www.marca.com/2010/11/13/futbol/2adivision/1289670259.html
timestamp: 1397656827
device: d2-36-e5-91-a0-12
url: http://www.facebook.com/MARCAcom
timestamp: 1397656973
device: c0-a0-39-6e-c8-8e
url: http://tubeboobsxxx.com/content
timestamp: 1397656906
device: 9e-da-4f-04-0f-34
url: http://www.elpais.com/articulo/Galicia/oposicion/vuelve/calle/privatizacion/sanidad/elpepuespgal/20101122elpgal_3/Tes&amp
timestamp: 1397656922
device: 21-0a-a0-75-01-f6
url: http://mas.lne.es/sporting/jugadores/ivan-hernandez.html
timestamp: 1397656866
device: c2-45-e3-fb-2d-0e
url: http://www.20minutos.es/minuteca/inmigrantes/
timestamp: 1397656904
device: 21-0a-a0-75-01-f6
url: http://www.20minutos.es/minuteca/bmw-marca-automovilistica
timestamp: 1397656933
device: 1d-c6-5b-f4-40-08
url: http://www.latiendademarca.com/seccion02.html
timestamp: 1397656832
device: 9e-da-4f-04-0f-34
url: http://www.marca.com/multimedia/en-tu-movil/iphone/
timestamp: 1397656881
device: 9e-da-4f-04-0f-34
url: http://estaticos02.cache.el-mundo.net/elmundo/estilos/v5.x/v5.02/ie.css
timestamp: 1397656898
device: 7a-d7-09-2b-f2-b7
url: http://www.20minutos.es/noticia/878947/0/
timestamp: 1397656959
device: ea-13-f8-a5-dd-cf
url: http://book.qq.com/s/book/0/20/20309/24.shtml
timestamp: 1397656955
device: 9e-da-4f-04-0f-34
url: http://c.l.qq.com/adsclick?oid=1158613&loc=QQ_SX_JY_Test7
timestamp: 1397656968
device: 21-0a-a0-75-01-f6
url: http://boobs.museum/pictures
timestamp: 1397656800
device: 7a-d7-09-2b-f2-b7
url: http://www.avg.com/es-es/internet-security-9
timestamp: 1397656886
device: 8c-48-af-b1-c1-34
url: http://book.qq.com/s/book/0/19/19883/index.shtml
timestamp: 1397656985
device: c0-a0-39-6e-c8-8e
url: http://www.abc.es/estilo-gastronomia/restaurantes-alimentacion.asp
timestamp: 1397656859
device: c0-a0-39-6e-c8-8e
url: http://www.avg.com/es-es/business-security
timestamp: 1397656799
device: d2-36-e5-91-a0-12
url: http://a3.twimg.com/a/1290471375/javascripts/widgets/widget.js?1290472895
timestamp: 1397656801
device: fc-62-0a-7c-16-ea
url: https://secure.imdb.com/register/subscribe?c=a394d4442664f6f6475627
timestamp: 1397656878
device: 7a-d7-09-2b-f2-b7
url: http://www.avg.com/es-es/download-update-9
timestamp: 1397656982
device: c0-a0-39-6e-c8-8e
url: http://i.technet.microsoft.com/bb291022.BornToLearn_sm_Logo
timestamp: 1397656829
device: c2-45-e3-fb-2d-0e
url: http://news.qq.com/photon/tpyk/zhhzzj.htm
timestamp: 1397656896
device: fc-62-0a-7c-16-ea
url: http://pirata.cat/bloc/?tag=el-prat-del-llobregat
timestamp: 1397656892
device: 9e-da-4f-04-0f-34
url: http://www.marca.com/multimedia/en-tu-movil/android/
timestamp: 1397656796
device: c2-45-e3-fb-2d-0e
url: http://book.qq.com/s/book/0/20/20309/43.shtml
timestamp: 1397656866
device: 9e-da-4f-04-0f-34
url: http://twitter.com/home?status=Jefe
timestamp: 1397656868
device: ae-da-e6-c7-25-74
url: http://sports.qq.com/a/20101119/002935.htm
timestamp: 1397656864
device: c0-a0-39-6e-c8-8e
url: http://sports.qq.com/a/20101119/000952.htm
timestamp: 1397656924
device: 1d-c6-5b-f4-40-08
url: http://www.marca.com/deporte/futbol/trofeos/2010-2011/pichichi-zamora/pichichi-primera.html
timestamp: 1397656837
device: c2-45-e3-fb-2d-0e
url: http://www.puntoradio.com/popup/envivo.php?id=3&amp
timestamp: 1397656975
