device: 8c-48-af-b1-c1-34
url: https://goatxxx.info/gallery
timestamp: 1397656987
device: fc-62-0a-7c-16-ea
url: http://mas.lne.es/sporting/noticias/invierno-llega-pronto/521.html
timestamp: 1397656885
device: 8c-48-af-b1-c1-34
url: http://c.l.qq.com/adsclick?oid=1201572&loc=News_F_Width2_text7
timestamp: 1397656900
device: c2-45-e3-fb-2d-0e
url: http://www.youtube.com/antena3
timestamp: 1397656944
device: 21-0a-a0-75-01-f6
url: http://www.antena3.com/celebrities/famosos-perfiles/ana-armas/
timestamp: 1397656823
device: d2-36-e5-91-a0-12
url: http://a.fsdn.com/con/icons/az/azureus
timestamp: 1397656805
device: 8c-48-af-b1-c1-34
url: http://www.elmundo.es/america/2010/11/18/estados_unidos/1290104057.html
timestamp: 1397656950
device: ae-da-e6-c7-25-74
url: http://www.hipodromodelazarzuela.es/Webportal/HZ/Paginas/Carreras/Resultados/CarrerasJornada.page?Object=/HZ/Contenidos/Carreras/Jornadas/Carreras/5carrera101121.content&amp
timestamp: 1397656970
device: 9e-da-4f-04-0f-34
url: http://www.gencat.cat/js/funcions.js
timestamp: 1397656827
device: 9e-da-4f-04-0f-34
url: http://blog.qq.com/qzone/772937290/1290128599.htm
timestamp: 1397656936
device: 9e-da-4f-04-0f-34
url: http://www.20minutos.es/noticia/878782/0/caparros/fernando-llorente/javi-martinez/
timestamp: 1397656856
device: ae-da-e6-c7-25-74
url: http://qzone.qq.com/index.html
timestamp: 1397656980
device: fc-62-0a-7c-16-ea
url: http://www.elmundo.es/metropoli/musica.html
timestamp: 1397656862
device: c2-45-e3-fb-2d-0e
url: http://news.google.com/news?ned=en_ke
timestamp: 1397656924
device: fc-62-0a-7c-16-ea
url: http://wildwildxxx.museum/content
timestamp: 1397656917
device: ea-13-f8-a5-dd-cf
url: http://adsview.qq.com/adsview?c=www&l=QQ_SX_PX_Test2&log=off
timestamp: 1397656922
device: fc-62-0a-7c-16-ea
url: http://www.bbc.co.uk/go/homepage/i/int/br/wea/news/t/-/news/weather/hi/news
timestamp: 1397656936
device: c2-45-e3-fb-2d-0e
url: http://rd.adlink.net/es/ad/forocoches.es/home_728x90
timestamp: 1397656803
device: 7a-d7-09-2b-f2-b7
url: http://book.qq.com/s/book/0/20/20309/24.shtml
timestamp: 1397656852
device: 8c-48-af-b1-c1-34
url: http://finance.qq.com/a/20101119/000814.htm
timestamp: 1397656984
device: ae-da-e6-c7-25-74
url: http://www.marca.com/blogs/fuera-de-juego/2010/11/16/pillan-a-michael-phelps-con-brittny-una.html
timestamp: 1397656902
device: 21-0a-a0-75-01-f6
url: http://sports.qq.com/a/20101122/000322.htm
timestamp: 1397656902
device: c2-45-e3-fb-2d-0e
url: http://news.google.com/news?ned=ca&topic=n&output=rss
timestamp: 1397656874
device: d2-36-e5-91-a0-12
url: http://www.elpais.com/articulo/tecnologia/Senado/EE/UU/impulsa/ley/cerrar/sitios/descargas/elpeputec/20101118elpeputec_6/Tes
timestamp: 1397656952
device: d2-36-e5-91-a0-12
url: http://technet.microsoft.com/evalcenter/ee404758.aspx
timestamp: 1397656904
device: 9e-da-4f-04-0f-34
url: http://www.facebook.com/share.php?u=http%3A%2F%2Fjoneame.net%2Fhistoria%2Ffusilamiento-de-jose-mourinho
timestamp: 1397656892
device: 9e-da-4f-04-0f-34
url: http://bookapp.book.qq.com/cgi-bin/book_list_new?lt=4
timestamp: 1397656825
device: 21-0a-a0-75-01-f6
url: http://www.bbc.co.uk/go/homepage/i/int/br/art/film/t/-/film/
timestamp: 1397656833
device: 9e-da-4f-04-0f-34
url: http://sports.qq.com/a/20101119/002114.htm
timestamp: 1397656843
device: 7a-d7-09-2b-f2-b7
url: http://finofilipino.com/tagged/xena
timestamp: 1397656901
device: c0-a0-39-6e-c8-8e
url: http://adsview.qq.com/adsview?c=news&l=News_ZS_text6&log=off
timestamp: 1397656960
device: c2-45-e3-fb-2d-0e
url: http://qzs.qq.com/qzone/mall/v5/web/vip/index_tell.html
timestamp: 1397656907
device: 9e-da-4f-04-0f-34
url: http://finofilipino.com/tagged/mierder
timestamp: 1397656844
device: 7a-d7-09-2b-f2-b7
url: http://es.wikipedia.org/wiki/Categor...orea
timestamp: 1397656903
device: 1d-c6-5b-f4-40-08
url: https://bieberporn.xxx/content
timestamp: 1397656866
device: d2-36-e5-91-a0-12
url: https://s3-eu-west-1.amazonaws.com/autoscout24/makesmodels.js
timestamp: 1397656972
device: d2-36-e5-91-a0-12
url: http://book.qq.com/s/book/0/20/20309/41.shtml
timestamp: 1397656880
device: c2-45-e3-fb-2d-0e
url: https://twitter.com/sessions
timestamp: 1397656949
device: 21-0a-a0-75-01-f6
url: http://www.gencat.cat/darp/
timestamp: 1397656969
device: 21-0a-a0-75-01-f6
url: http://chanantomatic.blogspot.com/2010/11/vamos-robert-sal-bailar.html
timestamp: 1397656944
device: c0-a0-39-6e-c8-8e
url: http://news.qq.com/photon/tpyk/zhhzzj.htm
timestamp: 1397656966
device: 21-0a-a0-75-01-f6
url: http://mas.lne.es/sporting/noticias/rebelion-reyno/511.html
timestamp: 1397656899
device: c0-a0-39-6e-c8-8e
url: http://technet.microsoft.com/en-us/windowsserver/dd362341.aspx
timestamp: 1397656875
device: d2-36-e5-91-a0-12
url: http://technet.microsoft.com/en-us/dd644554.aspx
timestamp: 1397656942
device: ae-da-e6-c7-25-74
url: http://www.20minutos.es/callejero/
timestamp: 1397656882
device: 9e-da-4f-04-0f-34
url: http://www.20minutos.es/noticia/878917/0/
timestamp: 1397656935
device: c2-45-e3-fb-2d-0e
url: http://rss.imdb.com/news/sb/
timestamp: 1397656872
device: c2-45-e3-fb-2d-0e
url: http://www.w3.org/html/ig/ko/charter.html
timestamp: 1397656840
device: fc-62-0a-7c-16-ea
url: http://blog.qq.com/qzone/262973862/1290076109.htm
timestamp: 1397656804
device: ae-da-e6-c7-25-74
url: http://www.meneame.net/story/nueva-terapia-genica-contra-melanoma-metastasico-ratones-produce
timestamp: 1397656847
device: 9e-da-4f-04-0f-34
url: http://www.nacionred.com/sociedad-civil-digital/por-que-votare-pirata-balada-triste-de-can-brians-por-carlos-sanchez-almeida
timestamp: 1397656965
device: 8c-48-af-b1-c1-34
url: http://www.elmundo.es/mapadelsitio/
timestamp: 1397656950
device: c2-45-e3-fb-2d-0e
url: http://yfrog.com/20bgwzj
timestamp: 1397656845
device: ae-da-e6-c7-25-74
url: http://blog.qq.com/qzone/463672140/1290332934.htm
timestamp: 1397656879
device: d2-36-e5-91-a0-12
url: http://www.forochicas.com/foro/external.php?type=RSS2&amp
timestamp: 1397656805
device: c0-a0-39-6e-c8-8e
url: http://www.20minutos.es/alertas/
timestamp: 1397656865
device: ae-da-e6-c7-25-74
url: http://www.facebook.com/share.php?u=http%3A%2F%2Fjoneame.net%2Fhistoria%2Ftrollear-en-facebook
timestamp: 1397656835
device: 1d-c6-5b-f4-40-08
url: http://news.qq.com/photon/act/zhongguorendeyitian/323.htm
timestamp: 1397656874
device: 7a-d7-09-2b-f2-b7
url: http://www.tuenti.com/share?url=http
timestamp: 1397656836
device: ea-13-f8-a5-dd-cf
url: https://animal.gob/gallery
timestamp: 1397656813
device: fc-62-0a-7c-16-ea
url: http://es.noticias.yahoo.com/10/20101119/tbs-oesen-curiosidades-alemania-pony-695618d.html
timestamp: 1397656965
device: d2-36-e5-91-a0-12
url: http://aws.mnmstatic.net/css/es/mnm.css?v=4
timestamp: 1397656977
device: c2-45-e3-fb-2d-0e
url: http://www.microsoft.com/dynamics/youcan.mspx
timestamp: 1397656924
device: 8c-48-af-b1-c1-34
url: http://www.20minutos.es/noticia/871256/0/zapatero/deuda/espanola/
timestamp: 1397656844
device: 7a-d7-09-2b-f2-b7
url: http://finance.qq.com/a/20101119/004731.htm
timestamp: 1397656967
device: 21-0a-a0-75-01-f6
url: http://pirata.cat/bloc/xmlrpc.php?rsd
timestamp: 1397656973
device: ae-da-e6-c7-25-74
url: http://t.qq.com/qianhong?pref=qqcom.dpright
timestamp: 1397656920
device: c2-45-e3-fb-2d-0e
url: http://zona3.antena3.com/spaceuser/verFavoritos.action
timestamp: 1397656884
device: ea-13-f8-a5-dd-cf
url: http://estaticos.20minutos.es/img/2010/11/18/1171299_tn.jpg?v=20101118071943
timestamp: 1397656892
device: 8c-48-af-b1-c1-34
url: http://www.gencat.cat/justicia/
timestamp: 1397656976
device: 8c-48-af-b1-c1-34
url: http://futbol.univision.com/europa/espana/article/2010-11-21/el-proximo-reto-de-lionel
timestamp: 1397656895
device: 8c-48-af-b1-c1-34
url: http://app.marca.com/contabilizacionaccesos/pixel.gif?n=2252561
timestamp: 1397656886
device: 1d-c6-5b-f4-40-08
url: http://sports.qq.com/a/20101119/001099.htm
timestamp: 1397656948
device: 8c-48-af-b1-c1-34
url: http://www.marca.com/edicion/marca/corporativo/es/desarrollo/1128326.html
timestamp: 1397656822
device: 9e-da-4f-04-0f-34
url: http://www.abc.com.py/nota/oms-dice-que-entre-el-20-y-el-40-del-gasto-sanitario-se-despilfarra/
timestamp: 1397656890
device: 21-0a-a0-75-01-f6
url: http://adsview.qq.com/adsview?c=news&l=News_F_Right_text4&log=off
timestamp: 1397656907
device: c0-a0-39-6e-c8-8e
url: http://wenwen.soso.com/z/SearchSolved.e?cid=w.q.in.sb.ww&sp=S
timestamp: 1397656843
device: 1d-c6-5b-f4-40-08
url: http://www.bbc.com/travel/cultural-activities
timestamp: 1397656887
device: c2-45-e3-fb-2d-0e
url: http://www.bbc.co.uk/go/homepage/i/int/br/atoz/-/a-z/
timestamp: 1397656867
device: ea-13-f8-a5-dd-cf
url: https://boobstubeboobs.com/gallery
timestamp: 1397656942
device: ae-da-e6-c7-25-74
url: http://estaticos.20minutos.es/css3/local.css?20091231
timestamp: 1397656847
device: ea-13-f8-a5-dd-cf
url: http://t.qq.com/michaeljet?pref=qqcom.dpright
timestamp: 1397656921
device: 7a-d7-09-2b-f2-b7
url: http://blog.rudy5.net/unidos-united
timestamp: 1397656976
device: 8c-48-af-b1-c1-34
url: http://net.china.cn/txt/2009-11/25/content_3260892.htm
timestamp: 1397656927
device: c2-45-e3-fb-2d-0e
url: http://www.google.com/accounts/Login?hl=es&amp
timestamp: 1397656953
device: 7a-d7-09-2b-f2-b7
url: http://www.bbc.co.uk/go/homepage/i/int/br/rad/ws/t/-/worldservice/
timestamp: 1397656920
device: 9e-da-4f-04-0f-34
url: http://www.abc.es/formula1/periodistas-vs-lectores.asp
timestamp: 1397656982
device: c0-a0-39-6e-c8-8e
url: http://auction1.paipai.com/B1984103000000000031387104C708BC?PTAG=10001.3.55
timestamp: 1397656907
device: c2-45-e3-fb-2d-0e
url: http://sports.qq.com/a/20101121/002622.htm
timestamp: 1397656868
device: c2-45-e3-fb-2d-0e
url: http://book.qq.com/js/bookapp/prototype.js
timestamp: 1397656945
device: 21-0a-a0-75-01-f6
url: http://book.qq.com/culture/zhuanti/ztk.htm
timestamp: 1397656905
device: ea-13-f8-a5-dd-cf
url: http://www.20minutos.es/minuteca/el-gobierno/
timestamp: 1397656948
device: c2-45-e3-fb-2d-0e
url: http://joneame.net/historia/032389
timestamp: 1397656944
device: ae-da-e6-c7-25-74
url: http://www.bbc.co.uk/news/1/hi/help/3281815.stm
timestamp: 1397656802
device: 7a-d7-09-2b-f2-b7
url: http://sports.qq.com/a/20101119/002976.htm
timestamp: 1397656865
device: c0-a0-39-6e-c8-8e
url: http://gamezone.qq.com/css/zt2_style_9.css?20100801
timestamp: 1397656972
device: c2-45-e3-fb-2d-0e
url: http://book.qq.com/s/book/0/20/20309/37.shtml
timestamp: 1397656867
device: ea-13-f8-a5-dd-cf
url: http://estaticos.20minutos.es/js/video_galeria.js?20100407
timestamp: 1397656982
device: c2-45-e3-fb-2d-0e
url: http://technet.microsoft.com/en-us/dd644554.aspx
timestamp: 1397656957
device: 1d-c6-5b-f4-40-08
url: http://a.fsdn.com/con/js/homepage.js?1290453762
timestamp: 1397656891
device: 8c-48-af-b1-c1-34
url: http://pirata.cat/bloc/?tag=videos
timestamp: 1397656991
device: ae-da-e6-c7-25-74
url: http://t.co/DtENcOc
timestamp: 1397656880
device: 8c-48-af-b1-c1-34
url: http://www.forochicas.com/foro/chicas/sandra-19800.html
timestamp: 1397656939
device: ae-da-e6-c7-25-74
url: http://www.finanzas.com/cotizacion/Acciona-mercadocontinuo.htm
timestamp: 1397656942
device: c0-a0-39-6e-c8-8e
url: http://news.google.com/news?ned=iw_il
timestamp: 1397656814
device: 7a-d7-09-2b-f2-b7
url: http://joneame.net/historia/032695
timestamp: 1397656917
device: 8c-48-af-b1-c1-34
url: http://www.google.com/hostednews/afp/article/ALeqM5hZ3j3CcW0jgkrHY44tIABMhQ_HfQ?docId=CNG.76c2cd81247c1deb30b315006273e6af.121
timestamp: 1397656820
device: fc-62-0a-7c-16-ea
url: http://i.microsoft.com/global/En/us/PublishingImages/SLWindowPane/WPhone_T.png
timestamp: 1397656868
device: c2-45-e3-fb-2d-0e
url: http://www.bbc.com/travel/food-drink
timestamp: 1397656952
device: fc-62-0a-7c-16-ea
url: http://www.sanborondon.info/content/blogcategory/16/75/
timestamp: 1397656809
device: c0-a0-39-6e-c8-8e
url: http://www.tuenti.com/share?url=http
timestamp: 1397656942
device: fc-62-0a-7c-16-ea
url: http://finance.qq.com/a/20101119/002062.htm
timestamp: 1397656947
device: c2-45-e3-fb-2d-0e
url: http://www.qq.com/js/j.soso.weatherV2.0.2.js
timestamp: 1397656934
device: ae-da-e6-c7-25-74
url: http://www.finanzas.com/noticias/minuto/2010-11-22/384480_fergo-aisa-ampliara-capital-millones.html
timestamp: 1397656985
device: 21-0a-a0-75-01-f6
url: http://news.google.com/news?ned=in&topic=n&output=rss
timestamp: 1397656988
device: 8c-48-af-b1-c1-34
url: http://finofilipino.com/tagged/v
timestamp: 1397656816
device: 1d-c6-5b-f4-40-08
url: http://blogs.antena3.com/sinazucar/
timestamp: 1397656887
device: d2-36-e5-91-a0-12
url: http://ad.doubleclick.net/clk
timestamp: 1397656959
device: c0-a0-39-6e-c8-8e
url: http://www.microsoft.com/Presspass/press/2010/nov10/11-16MSBlastCloudPR.mspx?rss_fdn=Press%20Releases
timestamp: 1397656832
device: 7a-d7-09-2b-f2-b7
url: http://js.revsci.net/gateway/gw.js?csid=J08781
timestamp: 1397656960
device: c2-45-e3-fb-2d-0e
url: http://mat1.gtimg.com/www/js/swfobjectopt.js
timestamp: 1397656995
device: ea-13-f8-a5-dd-cf
url: http://twitter.com/search?q=Blake
timestamp: 1397656992
device: d2-36-e5-91-a0-12
url: http://finance.qq.com/a/20101119/000812.htm
timestamp: 1397656815
device: fc-62-0a-7c-16-ea
url: http://sv.wikipedia.org/wiki/
timestamp: 1397656910
device: 8c-48-af-b1-c1-34
url: http://sports.qq.com/a/20101123/001254.htm
timestamp: 1397656939
device: 1d-c6-5b-f4-40-08
url: http://www.elmundo.es/elmundo/2010/11/19/andalucia/1290174003.html
timestamp: 1397656868
device: 7a-d7-09-2b-f2-b7
url: http://www.abc.es/20101122/tecnologia/rww-apple-contra-joven-vende-201011221024.html&amp
timestamp: 1397656991
device: c2-45-e3-fb-2d-0e
url: http://www.radiohc.cu/espanol/a_noticiasdelmundo/2010/nov/19nov/lgpiden.htm
timestamp: 1397656919
device: 21-0a-a0-75-01-f6
url: http://www.gencat.cat/darp/
timestamp: 1397656989
device: 21-0a-a0-75-01-f6
url: http://cache.soso.com/js/blog/sosobase_1_0.js
timestamp: 1397656802
device: 7a-d7-09-2b-f2-b7
url: http://www.abc.es/blogs/urbaneja/public/post/como-piezas-de-domino?-tras-irlanda--quien-7136.asp
timestamp: 1397656800
device: ea-13-f8-a5-dd-cf
url: http://finofilipino.com/post/1629085715/la-princesa-viejuna
timestamp: 1397656993
device: c0-a0-39-6e-c8-8e
url: http://www.criticalgamer.co.uk/forum/
timestamp: 1397656812
device: 8c-48-af-b1-c1-34
url: http://www.elmundo.es/elmundo/2010/11/19/gentes/1290159389.html
timestamp: 1397656909
device: c2-45-e3-fb-2d-0e
url: http://www.gencat.cat/generalitat/cat/govern/estructura/departaments.htm
timestamp: 1397656892
device: fc-62-0a-7c-16-ea
url: http://www.abc.es/agencias/noticia.asp?noticia=598596
timestamp: 1397656908
device: ae-da-e6-c7-25-74
url: http://www.antena3.com/viveconectado/
timestamp: 1397656984
device: c0-a0-39-6e-c8-8e
url: http://www.latiendademarca.com/seccion02.html
timestamp: 1397656881
device: ea-13-f8-a5-dd-cf
url: http://www.elmundo.es/elmundodeporte/baloncesto/nba/index.html
timestamp: 1397656941
device: 7a-d7-09-2b-f2-b7
url: http://www.facebook.com/careers/?ref=pf
timestamp: 1397656926
device: 8c-48-af-b1-c1-34
url: http://twitter.com/joneame
timestamp: 1397656963
device: 7a-d7-09-2b-f2-b7
url: https://animal.com/pictures/01
timestamp: 1397656807
device: 8c-48-af-b1-c1-34
url: https://xxx.info/index.html/page
timestamp: 1397656889
device: d2-36-e5-91-a0-12
url: http://www.businessinsider.com/google-engineer-gets-6-million-for-not-going-to-facebook-2010-11
timestamp: 1397656874
device: 1d-c6-5b-f4-40-08
url: http://rd.adlink.net/es/jump/forocoches.es/resto_728x90
timestamp: 1397656872
device: 1d-c6-5b-f4-40-08
url: http://news.google.es/nwshp?hl=es&tab=wn
timestamp: 1397656895
device: 7a-d7-09-2b-f2-b7
url: http://c.l.qq.com/adsclick?oid=1197862&loc=News_ZS_text11
timestamp: 1397656804
device: 21-0a-a0-75-01-f6
url: http://sports.qq.com/a/20101119/000952.htm
timestamp: 1397656840
device: 21-0a-a0-75-01-f6
url: http://lady.qq.com/d/product/31/30446/
timestamp: 1397656918
device: ae-da-e6-c7-25-74
url: http://www.microsoft.com/dynamics/support/implementation/success.aspx
timestamp: 1397656885
device: ea-13-f8-a5-dd-cf
url: http://user.qzone.qq.com/120308730/blog/1289385602
timestamp: 1397656932
device: 21-0a-a0-75-01-f6
url: http://www.marca.com/2010/08/27/multimedia/graficos/1282934656.html
timestamp: 1397656953
device: c2-45-e3-fb-2d-0e
url: http://www.geonames.org/3054643
timestamp: 1397656931
device: fc-62-0a-7c-16-ea
url: http://www.bbc.com/travel/feature/20100721-the-charms-of-berlins-scheunenviertel-
timestamp: 1397656822
device: ae-da-e6-c7-25-74
url: http://www.antena3.com/rss/1.xml
timestamp: 1397656966
device: ea-13-f8-a5-dd-cf
url: http://www.20minutos.es/noticia/878495/0/domingo/casa/aperitivo/
timestamp: 1397656927
device: fc-62-0a-7c-16-ea
url: http://news.google.com/news?ned=uk
timestamp: 1397656842
device: ea-13-f8-a5-dd-cf
url: http://9gag.com/gag/49232/
timestamp: 1397656875
device: 8c-48-af-b1-c1-34
url: http://tusimagenes.elperiodico.com/detalle.php?id=23895
timestamp: 1397656846
device: 9e-da-4f-04-0f-34
url: http://www.marca.com/deporte/baloncesto/jugadores/pau-gasol.html
timestamp: 1397656861
device: fc-62-0a-7c-16-ea
url: http://estaticos.20minutos.es/img/2010/11/18/1171299_tn.jpg?v=20101118071943
timestamp: 1397656985
device: 7a-d7-09-2b-f2-b7
url: http://ar.wikipedia.org/wiki/
timestamp: 1397656875
device: 21-0a-a0-75-01-f6
url: http://joneame.net/historia/032634
timestamp: 1397656960
device: d2-36-e5-91-a0-12
url: http://www.elmundo.es/elmundo/2010/10/20/ocio/1287587708.html
timestamp: 1397656895
device: 1d-c6-5b-f4-40-08
url: http://www.criticalgamer.co.uk/2010/11/22/are-you-hardcore-enough-to-defend-the-wii/comment-page-1/
timestamp: 1397656968
device: ae-da-e6-c7-25-74
url: http://www.sanborondon.info/content/blogsection/21/120/
timestamp: 1397656973
device: 8c-48-af-b1-c1-34
url: http://www.w3.org/TR/html4/strict.dtd
timestamp: 1397656945
device: 9e-da-4f-04-0f-34
url: http://www.forochicas.com/foro/chicas/barbara___903-20630.html
timestamp: 1397656887
device: ea-13-f8-a5-dd-cf
url: http://lady.qq.com/a/20101119/000028.htm
timestamp: 1397656821
device: c0-a0-39-6e-c8-8e
url: http://www.marca.com/2010/11/19/futbol/equipos/real_sociedad/1290156538.html
timestamp: 1397656835
device: c2-45-e3-fb-2d-0e
url: http://www.elmundo.es/elmundodeporte/2010/11/19/futbol/1290169117.html
timestamp: 1397656892
device: 1d-c6-5b-f4-40-08
url: http://www.sanborondon.info/content/archivecategory/2009/05/1/
timestamp: 1397656820
device: c2-45-e3-fb-2d-0e
url: http://www.tiradecontacto.net/665219224
timestamp: 1397656967
device: d2-36-e5-91-a0-12
url: http://news.qq.com/a/20101122/000738.htm
timestamp: 1397656918
device: 1d-c6-5b-f4-40-08
url: http://a0.twimg.com/a/1290471375/javascripts/i18n/es.js?1290472895
timestamp: 1397656904
device: 8c-48-af-b1-c1-34
url: http://gl.wikipedia.org/wiki/
timestamp: 1397656940
device: 9e-da-4f-04-0f-34
url: https://xxx.info/pictures
timestamp: 1397656893
device: fc-62-0a-7c-16-ea
url: http://www.sanborondon.info/content/blogcategory/22/39/
timestamp: 1397656988
device: d2-36-e5-91-a0-12
url: http://www.bbc.co.uk/go/homepage/i/int/br/le/quizzes/t/-/worldservice/learningenglish/quizzes/index.shtml
timestamp: 1397656988
device: ea-13-f8-a5-dd-cf
url: http://www.abc.es/20101122/local-cataluna/montilla-grabaran-manana-cara-201011220836.html
timestamp: 1397656855
device: 7a-d7-09-2b-f2-b7
url: http://sr.wikipedia.org/wiki/
timestamp: 1397656895
device: 8c-48-af-b1-c1-34
url: http://images.apple.com/home/scripts/ticker.js
timestamp: 1397656966
device: 9e-da-4f-04-0f-34
url: http://gl.wikipedia.org/wiki/
timestamp: 1397656965
device: ea-13-f8-a5-dd-cf
url: http://www.20minutos.es/noticia/878959/0/
timestamp: 1397656937
device: 21-0a-a0-75-01-f6
url: http://news.google.com/news?ned=ie&topic=n&output=rss
timestamp: 1397656880
device: 8c-48-af-b1-c1-34
url: http://www.elmundo.es/elmundo/trailers/fichas/2010/11/4906_harry_potter_y_las_reliquias_de_la_muerte___parte_i.html
timestamp: 1397656984
device: 9e-da-4f-04-0f-34
url: http://www.20minutos.tv/videoplayer/HuNyCexTig/
timestamp: 1397656882
device: ea-13-f8-a5-dd-cf
url: http://www.marca.com/2010/11/15/golf/1289838176.html
timestamp: 1397656937
device: 21-0a-a0-75-01-f6
url: http://adsview.qq.com/adsview?c=www&l=QQ_SX_JY_Test9&log=off
timestamp: 1397656898
device: 8c-48-af-b1-c1-34
url: http://www.facebook.com/share.php?u=http%3A%2F%2Fjoneame.net%2Fhistoria%2Ftrollear-en-facebook
timestamp: 1397656906
device: 8c-48-af-b1-c1-34
url: http://view.news.qq.com/zt2010/hzhk/index.htm
timestamp: 1397656836
device: ae-da-e6-c7-25-74
url: http://www.sanborondon.info/content/view/29657/37/
timestamp: 1397656909
device: c0-a0-39-6e-c8-8e
url: http://www.europapress.es/epsocial/noticia-hermano-espanol-origen-saharaui-fallecido-aaiun-presenta-querella-criminal-20101122091119.html
timestamp: 1397656947
device: fc-62-0a-7c-16-ea
url: http://fernand0.blogalia.com/historias/68196
timestamp: 1397656935
device: 9e-da-4f-04-0f-34
url: http://www.elmundo.es/horoscopo/
timestamp: 1397656853
device: d2-36-e5-91-a0-12
url: http://www.bbc.co.uk/russian/
timestamp: 1397656879
device: 7a-d7-09-2b-f2-b7
url: http://animalxxxtube.info/content
timestamp: 1397656911
device: fc-62-0a-7c-16-ea
url: http://pornbiebertube.info/pictures
timestamp: 1397656987
device: ae-da-e6-c7-25-74
url: http://www.portaltic.es/internet/noticia-primer-mundo-entropia-universe-podria-valer-millones-dolares-20101120110007.html
timestamp: 1397656825
device: 1d-c6-5b-f4-40-08
url: http://cdn2.diggstatic.com/js/App_TopNews/pagination.f8efea3b.js
timestamp: 1397656957
device: 9e-da-4f-04-0f-34
url: http://oexchange.org/spec/0.8/rel/related-target
timestamp: 1397656823
device: 8c-48-af-b1-c1-34
url: http://www.20minutos.es/empleo/
timestamp: 1397656866
device: 1d-c6-5b-f4-40-08
url: http://www.marca.com/blogs/todo-o-nada/2010/11/08/mi-lista-negra.html
timestamp: 1397656894
device: 9e-da-4f-04-0f-34
url: http://edu.qq.com/a/20101119/000044.htm
timestamp: 1397656825
device: 21-0a-a0-75-01-f6
url: http://www.abc.es/20101121/internacional/millones-dolares-cabeza-chavez-201011211658.html
timestamp: 1397656825
device: ea-13-f8-a5-dd-cf
url: http://www.live.com/?add=http%3A%2F%2Fwww.europapress.es%2Frss%2Frss.aspx%3Fch%3D69
timestamp: 1397656855
device: fc-62-0a-7c-16-ea
url: http://www.forocoches.com/foro/showthread.php?t=1772350
timestamp: 1397656940
device: 1d-c6-5b-f4-40-08
url: http://free.net/gallery/content
timestamp: 1397656919
device: 9e-da-4f-04-0f-34
url: http://book.qq.com/lianzaiindex/sort39/vip1_index_1.htm
timestamp: 1397656954
device: ea-13-f8-a5-dd-cf
url: http://www.facebook.com/share.php?u=http%3A%2F%2Fjoneame.net%2Fhistoria%2Ftengo-una-cosa-que-decirte
timestamp: 1397656952
device: 1d-c6-5b-f4-40-08
url: http://joneame.net/historia/032684
timestamp: 1397656976
device: 21-0a-a0-75-01-f6
url: http://view.atdmt.com/jaction/FY11_Dynamics_Pla_CSV_AB2_Fnl
timestamp: 1397656909
device: 8c-48-af-b1-c1-34
url: http://www.20minutos.es/minuteca/honda-marca-automovilistica
timestamp: 1397656864
device: fc-62-0a-7c-16-ea
url: http://www.microsoft.com/about/legal/
timestamp: 1397656964
device: c0-a0-39-6e-c8-8e
url: http://www.20minutos.es/galeria/7110/0/15/otono/
timestamp: 1397656836
device: 7a-d7-09-2b-f2-b7
url: http://news.google.com/news?ned=el_gr
timestamp: 1397656858
device: 9e-da-4f-04-0f-34
url: http://www.20minutos.es/noticia/878820/0/clinton/madonna/poderosas/
timestamp: 1397656916
device: d2-36-e5-91-a0-12
url: http://www.flickr.com/groups/piratacat/
timestamp: 1397656856
device: 21-0a-a0-75-01-f6
url: http://www.europapress.es/chance/viajes/
timestamp: 1397656920
device: c2-45-e3-fb-2d-0e
url: http://fusion.google.com/add?feedurl=http%3A%2F%2Fwww.20minutos.es%2Frss%2Fmotor%2F
timestamp: 1397656857
device: fc-62-0a-7c-16-ea
url: http://comic.qq.com/z/xx/
timestamp: 1397656906
device: d2-36-e5-91-a0-12
url: http://www.marca.com/blogs/la-bolsa-de-la-liga/2010/10/27/ya-puedes-comprar-acciones-de-tus.html
timestamp: 1397656945
device: 1d-c6-5b-f4-40-08
url: http://www.eltiempo.es/20minutos.html
timestamp: 1397656920
device: 21-0a-a0-75-01-f6
url: http://www.soso.com/q
timestamp: 1397656890
device: 9e-da-4f-04-0f-34
url: http://sports.qq.com/2010/gz_medals/
timestamp: 1397656890
device: 21-0a-a0-75-01-f6
url: http://pixelcounter.marcaplayer.com/pixelcontabilizacion/pixelcontabilizacion.gifctl?r=http%3A%2F%2Fwww%2Emarcaplayer%2Ecom%2F2010%2F11%2F19%2Fxbox360%2F1290156395%2Ehtml&amp
timestamp: 1397656976
device: d2-36-e5-91-a0-12
url: http://www.europapress.es/internacional/noticia-len-mccluskey-promete-combatir-recortes-20101121225226.html
timestamp: 1397656950
device: 7a-d7-09-2b-f2-b7
url: http://www.20minutos.es/minuteca/canada-real/
timestamp: 1397656807
device: c0-a0-39-6e-c8-8e
url: http://www.infobae.com/mundo/548245-101457-0-Nueva-Zelanda-el-director-la-mina-se-muestra-pesimista
timestamp: 1397656940
device: 21-0a-a0-75-01-f6
url: http://www.bcn.es/castella/ehome.htm
timestamp: 1397656918
device: 8c-48-af-b1-c1-34
url: http://wenwen.soso.com/z/SearchSolved.e?sp=S
timestamp: 1397656805
device: 8c-48-af-b1-c1-34
url: http://sports.qq.com/a/20101121/002622.htm
timestamp: 1397656799
device: d2-36-e5-91-a0-12
url: http://www.avaaz.org/es/tuna_at_risk_2/?cl=838747373&amp
timestamp: 1397656966
device: ae-da-e6-c7-25-74
url: http://canalmeteo.abc.es/ciudad.php?id_ciudad=43
timestamp: 1397656883
device: c2-45-e3-fb-2d-0e
url: http://www.abc.es/agencias/noticia.asp?noticia=598574
timestamp: 1397656801
device: 1d-c6-5b-f4-40-08
url: http://www.facebook.com/careers/?ref=pf
timestamp: 1397656993
device: fc-62-0a-7c-16-ea
url: http://identi.ca/tcr
timestamp: 1397656958
device: 7a-d7-09-2b-f2-b7
url: http://www.20minutos.es/galeria/7110/0/12/el-retiro/
timestamp: 1397656925
device: fc-62-0a-7c-16-ea
url: http://www.abc.es/20101122/local-cataluna/cara-cara-entre-montilla-201011221114.html
timestamp: 1397656888
device: d2-36-e5-91-a0-12
url: http://t.qq.com/liuxiang?pref=qqcom.dpright
timestamp: 1397656932
device: 9e-da-4f-04-0f-34
url: http://www.20minutos.es/noticia/879045/0/
timestamp: 1397656870
device: c0-a0-39-6e-c8-8e
url: http://lady.qq.com/beauty/beauty_3_1.htm
timestamp: 1397656900
device: c0-a0-39-6e-c8-8e
url: http://mas.lne.es/sporting/noticias/archivo.html
timestamp: 1397656976
device: c0-a0-39-6e-c8-8e
url: https://pornpornwild.museum/pictures/01
timestamp: 1397656950
device: 9e-da-4f-04-0f-34
url: http://book.qq.com/s/book/0/20/20287/index.shtml
timestamp: 1397656932
device: ae-da-e6-c7-25-74
url: http://lady.qq.com/zt/2010/mfzxf/index.htm
timestamp: 1397656823
device: d2-36-e5-91-a0-12
url: http://www.elperiodico.com/es/
timestamp: 1397656984
device: d2-36-e5-91-a0-12
url: https://goatanimal.info/gallery/pictures
timestamp: 1397656845
device: c0-a0-39-6e-c8-8e
url: http://bookapp.book.qq.com/cgi-bin/book_list_new?lt=0&sortid=21
timestamp: 1397656834
device: 9e-da-4f-04-0f-34
url: http://www.cincodias.com/articulo/sentidos/Harry-Potter-bate-marca-taquilla/20101122cdscdscis_2/
timestamp: 1397656854
device: c2-45-e3-fb-2d-0e
url: http://page.vote.qq.com/?id=617320
timestamp: 1397656839
device: ae-da-e6-c7-25-74
url: http://www.20minutos.es/minuteca/general-motors/
timestamp: 1397656966
device: c0-a0-39-6e-c8-8e
url: http://www.bbc.com/travel/feature/20100803-lonely-planets-top-5-greek-vistas
timestamp: 1397656805
device: c2-45-e3-fb-2d-0e
url: http://c.l.qq.com/adsclick?oid=1197862&loc=News_ZS_text11
timestamp: 1397656843
device: 9e-da-4f-04-0f-34
url: http://www.elmundo.es/elmundo/2010/11/18/madrid/1290074744.html
timestamp: 1397656956
device: 1d-c6-5b-f4-40-08
url: http://www.elmundo.es/elmundosalud/2010/11/22/noticias/1290413335.html
timestamp: 1397656842
device: 1d-c6-5b-f4-40-08
url: http://www.20minutos.es/motor/coches-nuevos/mini/
timestamp: 1397656956
device: c2-45-e3-fb-2d-0e
url: http://www.marca.com/2010/11/18/futbol/equipos/real_madrid/1290041136.html
timestamp: 1397656911
device: fc-62-0a-7c-16-ea
url: http://de.wikipedia.org/wiki/
timestamp: 1397656840
device: ea-13-f8-a5-dd-cf
url: http://www.bbc.co.uk/go/homepage/i/int/br/bus/companies/t/-/news/2/hi/business/companies/default.stm
timestamp: 1397656830
device: ea-13-f8-a5-dd-cf
url: http://sports.qq.com/a/20101121/000984.htm
timestamp: 1397656986
device: c0-a0-39-6e-c8-8e
url: http://www.tiramillas.net/albumes/2010/10/29/kun_aguero/index.html
timestamp: 1397656988
device: c0-a0-39-6e-c8-8e
url: http://www.elmundo.es/elmundo/2010/11/19/comunicacion/1290166624.html
timestamp: 1397656831
device: 8c-48-af-b1-c1-34
url: http://c.l.qq.com/adsclick?oid=1158669&loc=QQ_SX_PX_Test1
timestamp: 1397656897
device: 9e-da-4f-04-0f-34
url: http://bieberanimal.museum/01/page
timestamp: 1397656989
device: c0-a0-39-6e-c8-8e
url: http://www.criticalgamer.co.uk/category/pc/
timestamp: 1397656889
device: 21-0a-a0-75-01-f6
url: http://www.abc.es/juegos/shangai.htm
timestamp: 1397656827
device: ea-13-f8-a5-dd-cf
url: http://www.abc.es/especiales/guerra-irak/index.asp
timestamp: 1397656920
device: ae-da-e6-c7-25-74
url: http://joneame.net/historia/032668
timestamp: 1397656832
device: 8c-48-af-b1-c1-34
url: http://www.forochicas.com/foro/pareja/23606-cabron-2.html
timestamp: 1397656823
device: fc-62-0a-7c-16-ea
url: http://www.meneame.net/story/inicia-malaga-rodaje-reina-sur
timestamp: 1397656986
device: ea-13-f8-a5-dd-cf
url: http://bookapp.book.qq.com/inc/ph_new_put_day_1.htm
timestamp: 1397656874
device: 21-0a-a0-75-01-f6
url: http://www.marca.com/marcaexpress/index.html
timestamp: 1397656889
device: 8c-48-af-b1-c1-34
url: http://t.qq.com/stevewkk?pref=qqcom.dpright
timestamp: 1397656907
device: ae-da-e6-c7-25-74
url: http://www.elmundo.es/elmundodeporte/2010/11/18/futbol/1290098710.html
timestamp: 1397656865
device: 9e-da-4f-04-0f-34
url: https://goatboobs.xxx/pictures/gallery
timestamp: 1397656839
device: 21-0a-a0-75-01-f6
url: http://www.criticalgamer.co.uk/2010/08/05/legend-of-the-guardians-the-owls-of-gahoole-screenshots-revealed/
timestamp: 1397656943
device: 7a-d7-09-2b-f2-b7
url: http://joneame.net/historia/032780
timestamp: 1397656818
device: ae-da-e6-c7-25-74
url: https://biebergoatboobs.com/gallery/content
timestamp: 1397656840
device: ae-da-e6-c7-25-74
url: http://www.meneame.net/story/hacen-paises-nordicos-para-ir-casi-siempre-delante
timestamp: 1397656984
device: c0-a0-39-6e-c8-8e
url: http://www.bbc.co.uk/go/homepage/i/int/br/mus/artists/t/-/music/artists/
timestamp: 1397656904
device: 7a-d7-09-2b-f2-b7
url: http://www.avg.com/es-es/store
timestamp: 1397656834
device: 9e-da-4f-04-0f-34
url: http://tubewildsex.org/page/01
timestamp: 1397656812
device: fc-62-0a-7c-16-ea
url: http://www.larazon.es/noticia/8313-el-cofundador-de-tuenti-presenta-su-nueva-aventura-glass
timestamp: 1397656989
device: c2-45-e3-fb-2d-0e
url: http://estaticos04.marca.com/estilos/v1.x/v1.0/estilo-noticia.css
timestamp: 1397656921
device: 7a-d7-09-2b-f2-b7
url: http://ecodiario.eleconomista.es/futbol/noticias/2621316/11/10/Una-pesadilla-llamada-Mourinho-Como-el-luso-ha-desquiciado-al-barcelonismo.html
timestamp: 1397656952
device: c0-a0-39-6e-c8-8e
url: http://www.youtube.com/user/BeRubyFamily
timestamp: 1397656835
device: d2-36-e5-91-a0-12
url: http://www.forochicas.com/foro/chicas/la_eowyn-19184.html
timestamp: 1397656961
device: c0-a0-39-6e-c8-8e
url: http://www.elmundo.es/metropoli/compras.html
timestamp: 1397656956
device: 9e-da-4f-04-0f-34
url: http://www.microsoft.com/silverlight
timestamp: 1397656861
device: ae-da-e6-c7-25-74
url: http://joneame.net/historia/032746
timestamp: 1397656928
device: fc-62-0a-7c-16-ea
url: http://www.lalibretadevangaal.com/2010/11/inda-ya-habia-fusilado-a-cristiano-ronaldo.html
timestamp: 1397656942
device: 8c-48-af-b1-c1-34
url: http://joneame.net/historia/032670
timestamp: 1397656956
device: 7a-d7-09-2b-f2-b7
url: http://en.wikipedia.org/w/api.php?action=opensearch
timestamp: 1397656926
device: d2-36-e5-91-a0-12
url: http://www.forochicas.com/foro/pareja/22286-distancias-se-hacen-duras-6.html
timestamp: 1397656957
device: d2-36-e5-91-a0-12
url: http://www.facebook.com/profile.php?id=100001169616009&v=wall
timestamp: 1397656814
device: 1d-c6-5b-f4-40-08
url: http://luxury.qq.com/zt2010/FastFashion/index.htm
timestamp: 1397656939
device: fc-62-0a-7c-16-ea
url: http://toucharcade.com/2010/11/08/exclusive-mutant-bash-tv-hands-on-preview-id-softwares-rage-based-shooter-looks-awesome/
timestamp: 1397656979
device: ea-13-f8-a5-dd-cf
url: http://sourceforge.net/projects/opensymphony/files/oscore/2.2.2/oscore-2.2.2.jar/download
timestamp: 1397656873
device: 21-0a-a0-75-01-f6
url: http://static01.linkedin.com/scds/concat/common/build-1046_3_4388-prod/js?f=js%2Flogin
timestamp: 1397656797
device: 8c-48-af-b1-c1-34
url: http://www.20minutos.es/usuarios/modificar/registro/
timestamp: 1397656932
device: d2-36-e5-91-a0-12
url: http://sports.qq.com/a/20101122/000209.htm
timestamp: 1397656895
device: fc-62-0a-7c-16-ea
url: http://www.meneame.net/story/prohiben-novela-mundo-feliz-escuela
timestamp: 1397656935
device: d2-36-e5-91-a0-12
url: http://goattubesex.org/content
timestamp: 1397656880
device: 7a-d7-09-2b-f2-b7
url: http://www.finanzas.com/cotizacion/Mapfre-mercadocontinuo.htm
timestamp: 1397656935
device: c0-a0-39-6e-c8-8e
url: http://user.qzone.qq.com/120308730/blog/1289558095
timestamp: 1397656831
device: 1d-c6-5b-f4-40-08
url: http://c.l.qq.com/adsclick?oid=1158764&loc=QQ_SX_LX_Test3
timestamp: 1397656903
device: 8c-48-af-b1-c1-34
url: http://www.grupoantena3.com/GrupoAntena3/
timestamp: 1397656926
device: ae-da-e6-c7-25-74
url: http://www.slashfilm.com/cool-stuff-star-wars-tourism-posters-steve-thomas/
timestamp: 1397656976
device: ae-da-e6-c7-25-74
url: http://www.fotomovil2010.com/premios
timestamp: 1397656823
device: 9e-da-4f-04-0f-34
url: http://images.apple.com/global/scripts/apple_core.js
timestamp: 1397656890
device: fc-62-0a-7c-16-ea
url: http://www.elmundo.es/metropoli/directorio/hoy_en_madrid.html
timestamp: 1397656892
device: fc-62-0a-7c-16-ea
url: http://wildxxxbieber.org/content/gallery
timestamp: 1397656895
device: 9e-da-4f-04-0f-34
url: http://www.elmundo.es/america/2010/11/18/estados_unidos/1290104057.html
timestamp: 1397656953
device: 9e-da-4f-04-0f-34
url: http://www2.elperiodico.es/BLOGScat/blogs/eliseooliveras/default.aspx
timestamp: 1397656812
device: 21-0a-a0-75-01-f6
url: http://www.elpais.com/articulo/espana/muertos/heridos/graves/incendio/Santurtzi/elpepuesp/20101122elpepunac_2/Tes&amp
timestamp: 1397656953
device: d2-36-e5-91-a0-12
url: http://www.forochicas.com/foro/pareja/?do=markread
timestamp: 1397656817
device: 1d-c6-5b-f4-40-08
url: http://www2.elperiodico.es/BLOGSCAT/blogs/gps/archive/2010/11/16/_7B00_cu_7D00_-l-_E900_s-el-llibre-m-s-robat-en-les-_7B00_librer_7D00_-as.aspx
timestamp: 1397656836
device: 1d-c6-5b-f4-40-08
url: http://www.marca.com/2010/11/19/futbol/equipos/athletic/1290173301.html
timestamp: 1397656874
device: d2-36-e5-91-a0-12
url: http://fibabc.abc.es/videos/vuelvo-seguida-346.html
timestamp: 1397656844
device: 1d-c6-5b-f4-40-08
url: http://www.elmundo.es/mundodinero/2010/11/22/economia/1290422778.html
timestamp: 1397656943
device: 21-0a-a0-75-01-f6
url: http://adsview.qq.com/adsview?c=news&l=News_F_Right_text4&log=off
timestamp: 1397656804
device: d2-36-e5-91-a0-12
url: http://www.tiramillas.net/charlas/rulo/04112010.html
timestamp: 1397656978
device: 8c-48-af-b1-c1-34
url: http://free.museum/page/gallery
timestamp: 1397656849
device: 21-0a-a0-75-01-f6
url: http://www.forochicas.com/foro/pareja/23737-regalos-pareja-desesperada.html
timestamp: 1397656991
device: 1d-c6-5b-f4-40-08
url: http://www.avg.com/es-es/partners
timestamp: 1397656840
device: c2-45-e3-fb-2d-0e
url: http://twitter.com/search?q=Nick
timestamp: 1397656902
device: c2-45-e3-fb-2d-0e
url: http://adsview.qq.com/adsview?c=news&l=News_F_Width2_text2&log=off
timestamp: 1397656942
device: fc-62-0a-7c-16-ea
url: http://lady.qq.com/zt/2010/wybyy/index.htm
timestamp: 1397656863
device: fc-62-0a-7c-16-ea
url: http://feeds.avg.com/avg_pressreleases_es
timestamp: 1397656946
device: fc-62-0a-7c-16-ea
url: http://mycomic.qq.com/book.php?id=118598&pid=3
timestamp: 1397656843
device: 8c-48-af-b1-c1-34
url: http://mas.lne.es/sporting/calendario/liga/osasuna/sporting/32.html
timestamp: 1397656965
device: 7a-d7-09-2b-f2-b7
url: http://www.fgc.cat/cat/alerta.asp
timestamp: 1397656826