device: 7a-d7-09-2b-f2-b7
url: http://microsite.20minutos.es/encuesta-satisfaccion/
timestamp: 1397656910
device: ea-13-f8-a5-dd-cf
url: http://c.l.qq.com/adsclick?oid=1197839&loc=News_ZS_text2
timestamp: 1397656801
device: 9e-da-4f-04-0f-34
url: http://pixelcounter.elmundo.es/pixelcontabilizacion/pixelcontabilizacion.gifctl?r=http%3A%2F%2Fwww%2Eelmundo%2Ees%2Felmundo%2F2010%2F11%2F17%2Fcultura%2F1289965572%2Ehtml&amp
timestamp: 1397656903
device: ea-13-f8-a5-dd-cf
url: http://clk.atdmt.com/MRT/go/256337446/direct/01/
timestamp: 1397656798
device: 1d-c6-5b-f4-40-08
url: https://biebertube.xxx/01
timestamp: 1397656812
device: ae-da-e6-c7-25-74
url: http://www.avg.com/es-es/descarga
timestamp: 1397656904
device: ae-da-e6-c7-25-74
url: http://tech.qq.com/a/20101119/000249.htm
timestamp: 1397656981
device: 8c-48-af-b1-c1-34
url: http://www.tiramillas.net/especial/cine/2010/alien/
timestamp: 1397656870
device: 1d-c6-5b-f4-40-08
url: http://book.qq.com/s/book/0/20/20309/20.shtml
timestamp: 1397656797
device: 21-0a-a0-75-01-f6
url: http://www.elmundo.es/mundodinero/2010/11/19/economia/1290191070.html
timestamp: 1397656817
device: c2-45-e3-fb-2d-0e
url: http://news.google.com/news?ned=pt-PT_pt
timestamp: 1397656863
device: 9e-da-4f-04-0f-34
url: http://www.elmundo.es/america/2010/11/21/gentes/1290303883.html
timestamp: 1397656862
device: 9e-da-4f-04-0f-34
url: http://sports.qq.com/a/20101122/001746.htm
timestamp: 1397656822
device: c0-a0-39-6e-c8-8e
url: http://www.europapress.es/internacional/noticia-sahara-organizacion-marroqui-ddhh-otros-grupos-investigaran-sucesos-aaiun-20101122000132.html
timestamp: 1397656828
device: 7a-d7-09-2b-f2-b7
url: http://twitter.com/search?q=Pirelli
timestamp: 1397656849
device: c0-a0-39-6e-c8-8e
url: http://lady.qq.com/vogue/vogue.shtml
timestamp: 1397656985
device: fc-62-0a-7c-16-ea
url: http://joneame.net/historia/032675
timestamp: 1397656967
device: 21-0a-a0-75-01-f6
url: http://downloads.sourceforge.net/project/gzigzag/gzigzag/0.6.3/gzigzag-0.6.3-with-modules.jar?r=&amp
timestamp: 1397656860
device: 21-0a-a0-75-01-f6
url: http://www.criticalgamer.co.uk/author/luke-k/
timestamp: 1397656941
device: 7a-d7-09-2b-f2-b7
url: http://identi.ca/xtaran
timestamp: 1397656856
device: d2-36-e5-91-a0-12
url: http://b.static.ak.fbcdn.net/rsrc.php/zr/r/kbK_EWFIu_q.css
timestamp: 1397656985
device: 1d-c6-5b-f4-40-08
url: http://static01.linkedin.com/scds/concat/common/build-1046_3_4388-prod/js?f=lib%2Fyui%2F2.8.1%2Fyahoo%2Fyahoo-min&amp
timestamp: 1397656942
device: ae-da-e6-c7-25-74
url: http://lady.qq.com/a/20101119/000045.htm
timestamp: 1397656985
device: ae-da-e6-c7-25-74
url: http://book.qq.com/s/book/0/20/20284/index.shtml
timestamp: 1397656802
device: ae-da-e6-c7-25-74
url: http://www.bbc.co.uk/go/homepage/i/int/br/atoz/-/a-z/
timestamp: 1397656833
device: 8c-48-af-b1-c1-34
url: http://www.20minutos.es/motor/coches-nuevos/ferrari/
timestamp: 1397656847
device: ae-da-e6-c7-25-74
url: http://joneame.net/historia/032653
timestamp: 1397656991
device: 21-0a-a0-75-01-f6
url: http://www.marca.com/2010/11/22/futbol/equipos/real_madrid/1290406769.html
timestamp: 1397656876
device: fc-62-0a-7c-16-ea
url: http://www.microsoft.com/en-us/dynamics/default.aspx
timestamp: 1397656832
device: ea-13-f8-a5-dd-cf
url: http://boobs.gob/01
timestamp: 1397656885
device: 8c-48-af-b1-c1-34
url: http://porn.net/gallery/01
timestamp: 1397656975
device: fc-62-0a-7c-16-ea
url: http://www.marca.com/multimedia/primeras/10/11/1123.html
timestamp: 1397656921
device: c0-a0-39-6e-c8-8e
url: http://www2.elperiodico.es/BLOGSCAT/blogs/tecnobloc/archive/2010/11/18/alicia-per_F200_-no-_7B00_croft_7D00_.aspx
timestamp: 1397656852
device: 21-0a-a0-75-01-f6
url: http://mas.lne.es/sporting/clasificacion.html
timestamp: 1397656799
device: ae-da-e6-c7-25-74
url: http://www.latiendademarca.com/seccion15.html
timestamp: 1397656943
device: 1d-c6-5b-f4-40-08
url: http://www.gencat.cat/benestar/
timestamp: 1397656829
device: ea-13-f8-a5-dd-cf
url: http://9gag.com/gag/51415&via=9gag
timestamp: 1397656868
device: d2-36-e5-91-a0-12
url: https://boobs.gob/index.html
timestamp: 1397656854
device: fc-62-0a-7c-16-ea
url: http://www.tuenti.com/share?url=http
timestamp: 1397656934
device: 21-0a-a0-75-01-f6
url: http://finofilipino.com/post/1609857354/zp-nuevo-plan-anticrisis
timestamp: 1397656834
device: fc-62-0a-7c-16-ea
url: http://bookapp.book.qq.com/cgi-bin/book_list_new?lt=0&sortid=17
timestamp: 1397656817
device: 7a-d7-09-2b-f2-b7
url: http://joneame.net/historia/032714
timestamp: 1397656818
device: ea-13-f8-a5-dd-cf
url: http://act3.games.qq.com/2515/work/show-id-1870-uid-14388020.html
timestamp: 1397656853
device: 7a-d7-09-2b-f2-b7
url: http://www.europapress.es/epsocial/videos/
timestamp: 1397656831
device: fc-62-0a-7c-16-ea
url: http://www.forochicas.com/foro/pareja/23497-consultorio-sexual-by-eowyn-entra-si-tienes-dudas-post457298.html
timestamp: 1397656932
device: 8c-48-af-b1-c1-34
url: http://www.abc.es/hemeroteca/dia-21-11-2010
timestamp: 1397656920
device: 21-0a-a0-75-01-f6
url: http://l.yimg.com/a/combo?arc/yui/reset_2.6.7.css&arc/yui/fonts_2.6.4.css&metro/uiplugins/generic_0.1.13.css&metro/error/error_0.1.18.css&metro/fp/fp_zindex_0.0.34.css&metro/fp/fp_0.1.101.css&metro/uiplugins/windowshade_service_0.0.15.css&metro/ipredirect/ipredirect_0.0.12.css&metro/uiplugins/tablist_service_0.1.7.css&metro/uiplugins/iframeshim_service_0.0.5.css&metro/uiplugins/menu_service_0.1.4.css&metro/masthead/masthead_0.2.101.css&metro/navbar/navbar_0.1.119.css&metro/navbar/navbar_pageoptions_0.0.44.css&metro/breakingnews/breakingnews_0.0.26.css&metro/marketindices/marketindices_0.1.57.css&metro/uiplugins/tablist_news_0.0.16.css&metro2/tabbox/tabbox_0.0.15.css&metro2/weatherlite/weatherlite_0.0.13.css&metro/miniad/promoads_0.1.10.css&metro/uiplugins/ulm_service_0.1.9.css&metro/uiplugins/ulm_default_0.1.24.css&metro/uiplugins/carousel_service_0.1.11.css&metro/news/news_0.1.98.css&metro/specialevents/specialevents_0.0.45.css&metro/sda/sda_0.1.37.css&metro/fptoday/fptoday_0.1.151.css&metro/uiplugins/carousel_default_0.1.15.css&metro/tuc/tuc_outboxlite_common_0.0.24.css&metro/tuc/tuc_outboxlite_embedded_0.0.12.css&metro/pa/pa_0.1.196.css&metro/pa/pa_detached_0.1.84.css&metro/uiplugins/tooltip_service_1.0.5.css&metro/uiplugins/tooltip_default_0.1.19.css&metro/pa/tooltip_pa_dialog_1.0.12.css&metro/uiplugins/sortable_service_0.1.9.css&metro/pa/pa_add_0.1.55.css&metro2/multimedia/multimedia_0.0.19.css&metro/footer/footer_0.1.68.css&metro/footer/subfooter_0.0.11.css
timestamp: 1397656921
device: d2-36-e5-91-a0-12
url: http://cachevideos.marca.com/estaticos/2010/11/19/10119preciado.flv&amp
timestamp: 1397656840
device: c2-45-e3-fb-2d-0e
url: http://www2.elperiodico.es/blogscat/blogs/rosamassague/default.aspx
timestamp: 1397656974
device: fc-62-0a-7c-16-ea
url: http://music.soso.com/music.cgi
timestamp: 1397656831
device: ea-13-f8-a5-dd-cf
url: http://www.gencat.cat/serveis/cat/index.htm
timestamp: 1397656803
device: 1d-c6-5b-f4-40-08
url: http://www.que.es/ultimas-noticias/internacionales/201011220548-primer-ministro-nueva-zelanda-cree-abc.html
timestamp: 1397656847
device: ae-da-e6-c7-25-74
url: http://joneame.net/historia/032556
timestamp: 1397656940
device: c0-a0-39-6e-c8-8e
url: http://www.forocoches.com/foro/showthread.php?t=765077
timestamp: 1397656935
device: 21-0a-a0-75-01-f6
url: http://tusimagenes.elperiodico.com/listado.php?type=1
timestamp: 1397656975
device: d2-36-e5-91-a0-12
url: http://www.twitter.com/marcaplayer
timestamp: 1397656837
device: ae-da-e6-c7-25-74
url: http://openx.20minutos.es/www/delivery/fl.js
timestamp: 1397656810
device: 8c-48-af-b1-c1-34
url: http://news.google.com/news?ned=uk&topic=n&output=rss
timestamp: 1397656835
device: c2-45-e3-fb-2d-0e
url: http://premsa.gencat.cat/pres_fsvp/AppJava/notapremsavw/detall.do?id=56649&amp
timestamp: 1397656869
device: 7a-d7-09-2b-f2-b7
url: http://news.qq.com/sx/index.htm
timestamp: 1397656934
device: 9e-da-4f-04-0f-34
url: http://www.20minutos.es/motor/coches-nuevos/bentley/
timestamp: 1397656895
device: ea-13-f8-a5-dd-cf
url: http://www.tencent.com/index_e.shtml
timestamp: 1397656850
device: d2-36-e5-91-a0-12
url: http://goat.org/gallery/01
timestamp: 1397656834
device: fc-62-0a-7c-16-ea
url: http://www.20minutos.es/noticia/877761/0/entrevista/daniel/benotman/
timestamp: 1397656991
device: 21-0a-a0-75-01-f6
url: http://bookapp.book.qq.com/cgi-bin/lz_index?type=sort&key=38
timestamp: 1397656875
device: d2-36-e5-91-a0-12
url: http://www.elmundo.es/ofertasaloslectores/seccion07.html
timestamp: 1397656974
device: 8c-48-af-b1-c1-34
url: http://twitter.com/home?status=132
timestamp: 1397656978
device: c2-45-e3-fb-2d-0e
url: http://www.meneame.net/story/hora-de-sacar-la-basura
timestamp: 1397656920
device: 1d-c6-5b-f4-40-08
url: http://www.20minutos.es/comunidad-valenciana/
timestamp: 1397656814
device: 7a-d7-09-2b-f2-b7
url: http://www.forochicas.com/foro/pareja/23793-hay-tanto-cobarde-2.html
timestamp: 1397656988
device: 9e-da-4f-04-0f-34
url: http://adsview.qq.com/adsview?c=news&l=News_ZS_text3&log=off
timestamp: 1397656878
device: 7a-d7-09-2b-f2-b7
url: http://twitter.com/ep_catalunya
timestamp: 1397656831
device: ae-da-e6-c7-25-74
url: http://www.20minutos.es/ayuda/modulo-local-personalizado/comunidad/
timestamp: 1397656820
device: 8c-48-af-b1-c1-34
url: http://twitter.com/elargonautajpl/statuses/6745531703365632
timestamp: 1397656796
device: 1d-c6-5b-f4-40-08
url: http://post.soso.com/sobar.q
timestamp: 1397656812
device: ae-da-e6-c7-25-74
url: http://book.qq.com/rankcount/lz_ph_vip_click_week.htm
timestamp: 1397656990
device: c2-45-e3-fb-2d-0e
url: http://luxury.qq.com/a/20101122/000016.htm
timestamp: 1397656854
device: c0-a0-39-6e-c8-8e
url: http://www.gov.cn/gzdt/2009-09/02/content_1406993.htm
timestamp: 1397656827
device: ea-13-f8-a5-dd-cf
url: http://www.apple.com/safari
timestamp: 1397656863
device: fc-62-0a-7c-16-ea
url: http://www.gencat.cat/educacio
timestamp: 1397656968
device: 8c-48-af-b1-c1-34
url: http://www.latiendademarca.com/2010/11/03/seccion12/1288784067.html
timestamp: 1397656879
device: 1d-c6-5b-f4-40-08
url: http://joneame.net/comments_rss2.php?id=32583
timestamp: 1397656906
device: 1d-c6-5b-f4-40-08
url: http://mako.cc/copyrighteous/20101114-00
timestamp: 1397656990
device: 8c-48-af-b1-c1-34
url: http://www.abcdesevilla.es/deportes/
timestamp: 1397656894
device: fc-62-0a-7c-16-ea
url: http://www.readwriteweb.es/tecnologias/scribd-stats-analytics-documentos/
timestamp: 1397656948
device: 21-0a-a0-75-01-f6
url: http://adsview.qq.com/adsview?c=news&l=News_F_Right_text9&log=off
timestamp: 1397656930
device: fc-62-0a-7c-16-ea
url: https://bieberxxxboobs.com/pictures/01
timestamp: 1397656991
device: 7a-d7-09-2b-f2-b7
url: http://www.paipai.com/chong/?PTAG=30053.20.14
timestamp: 1397656859
device: c2-45-e3-fb-2d-0e
url: http://tube.gob/01
timestamp: 1397656835
device: 1d-c6-5b-f4-40-08
url: http://www.cincodias.com/articulo/sentidos/Harry-Potter-bate-marca-taquilla/20101122cdscdscis_2/
timestamp: 1397656945
device: 9e-da-4f-04-0f-34
url: http://www.elmundo.es/mundodinero/2010/11/18/economia/1290066540.html
timestamp: 1397656891
device: 1d-c6-5b-f4-40-08
url: http://aws.mnmstatic.net/img/favicons/favicon4.ico
timestamp: 1397656894
device: 21-0a-a0-75-01-f6
url: http://www.meneame.net/story/hugh-laurie-soy-bastante-oscuro-amargo-como-house
timestamp: 1397656991
device: ae-da-e6-c7-25-74
url: http://estaticos.20minutos.es/avatares/reducido/generico.jpeg
timestamp: 1397656883
device: d2-36-e5-91-a0-12
url: http://www.bbc.co.uk/news/world-asia-pacific-11817990
timestamp: 1397656910
device: 8c-48-af-b1-c1-34
url: http://book.qq.com/s/book/0/20/20284/index.shtml
timestamp: 1397656928
device: c2-45-e3-fb-2d-0e
url: http://www.sanborondon.info/content/view/29580/38/
timestamp: 1397656919
device: ae-da-e6-c7-25-74
url: http://www.criticalgamer.co.uk/category/features/
timestamp: 1397656801
device: 21-0a-a0-75-01-f6
url: http://sports.qq.com/a/20101123/000995.htm
timestamp: 1397656972
device: 7a-d7-09-2b-f2-b7
url: http://twitter.com/MSFTDynamicsERP
timestamp: 1397656926
device: fc-62-0a-7c-16-ea
url: http://www.infocoches.com/clasificados/
timestamp: 1397656857
device: ea-13-f8-a5-dd-cf
url: http://bit.ly/9axSp2
timestamp: 1397656975
device: 1d-c6-5b-f4-40-08
url: http://www.microsoft.com/windowsmobile/en-us/cmpn/ineedthisapp/default.mspx
timestamp: 1397656857
device: 9e-da-4f-04-0f-34
url: https://sexsexporn.gob/page/gallery
timestamp: 1397656889
device: ae-da-e6-c7-25-74
url: http://www.microsoft.com/Presspass/press/2010/aug10/08-04DynamicsCRMPR.mspx
timestamp: 1397656988
device: ae-da-e6-c7-25-74
url: http://actualidad.abc.es/mundial-baloncesto/
timestamp: 1397656935
device: ea-13-f8-a5-dd-cf
url: http://zona3.antena3.com/spaceuser/verFaneados.action
timestamp: 1397656883
device: ea-13-f8-a5-dd-cf
url: http://ad.es.doubleclick.net/adj/vocento.abc/pixel_lomasleido
timestamp: 1397656812
device: c0-a0-39-6e-c8-8e
url: http://www.antena3.com/viveconectado/
timestamp: 1397656879
device: c2-45-e3-fb-2d-0e
url: http://twitter.com/home?status=Alone
timestamp: 1397656920
device: ea-13-f8-a5-dd-cf
url: http://www.20minutos.es/imagen/1170101
timestamp: 1397656911
device: 21-0a-a0-75-01-f6
url: http://www.revistaautohebdo.com/comunes/standby/index.htm
timestamp: 1397656908
device: ae-da-e6-c7-25-74
url: http://www.facebook.com/share.php?u=http%3A%2F%2Fjoneame.net%2Fhistoria%2Fasi-fuman-4-catalanes-un-porro
timestamp: 1397656969
device: c0-a0-39-6e-c8-8e
url: http://www2.elperiodico.es/blogscat/blogs/blogteveo/default.aspx
timestamp: 1397656916
device: 8c-48-af-b1-c1-34
url: http://joneame.net/rss2.php?status=queued
timestamp: 1397656913
device: ae-da-e6-c7-25-74
url: http://no.wikipedia.org/wiki/
timestamp: 1397656978
device: 7a-d7-09-2b-f2-b7
url: http://www.microsoft.com/hardware/default.aspx
timestamp: 1397656874
device: ae-da-e6-c7-25-74
url: http://www.20minutos.es/ayuda/modulo-local-personalizado/comunidad/
timestamp: 1397656811
device: ae-da-e6-c7-25-74
url: http://sports.qq.com/a/20101122/000074.htm
timestamp: 1397656838
device: c0-a0-39-6e-c8-8e
url: http://active.cache.el-mundo.net/js/nielsen.js
timestamp: 1397656912
device: 21-0a-a0-75-01-f6
url: http://www.marca.com/2010/11/22/motor/formula1/1290427084.html
timestamp: 1397656809
device: ae-da-e6-c7-25-74
url: http://adanesmit.blogspot.com/2010/05/por-un-capitalismosostenible.html
timestamp: 1397656903
device: 8c-48-af-b1-c1-34
url: http://zona3.antena3.com/socialA3/
timestamp: 1397656929
device: 1d-c6-5b-f4-40-08
url: http://www.europapress.es/latam/
timestamp: 1397656872
device: fc-62-0a-7c-16-ea
url: http://www.forochicas.com/foro/chicas/divadestruction-21000.html
timestamp: 1397656957
device: c2-45-e3-fb-2d-0e
url: http://estaticos2.abc.es/js/combinedjquery.js
timestamp: 1397656995
device: c2-45-e3-fb-2d-0e
url: http://identi.ca/notice/59113966
timestamp: 1397656890
device: c2-45-e3-fb-2d-0e
url: http://pcmgr.qq.com/?ADTAG=tr.pcmgr.qqcom.QQCOM
timestamp: 1397656875
device: c2-45-e3-fb-2d-0e
url: http://www.marca.com/r/pa_restaurantes.html
timestamp: 1397656891
device: 9e-da-4f-04-0f-34
url: http://sports.qq.com/a/20101122/000074.htm
timestamp: 1397656923
device: c0-a0-39-6e-c8-8e
url: http://www.forochicas.com/foro/clientscript/vbulletin_md5.js?v=384
timestamp: 1397656986
device: d2-36-e5-91-a0-12
url: http://adsview.qq.com/adsview?c=news&l=News_F_TSTX_2&log=off
timestamp: 1397656824
device: ae-da-e6-c7-25-74
url: http://bookapp.book.qq.com/cgi-bin/book_list_new?lt=0&sortid=8
timestamp: 1397656815
device: 8c-48-af-b1-c1-34
url: http://www.sanborondon.info/content/view/6045/
timestamp: 1397656818
device: fc-62-0a-7c-16-ea
url: http://rd.adlink.net/es/jump/forocoches.es/foros_728x90
timestamp: 1397656982
device: 8c-48-af-b1-c1-34
url: http://www.microsoft.com/azure
timestamp: 1397656911
device: 1d-c6-5b-f4-40-08
url: http://www.elmundo.es/metropoli/cine.html
timestamp: 1397656924
device: 7a-d7-09-2b-f2-b7
url: http://www.bbc.co.uk/go/homepage/i/int/br/languages/spanish/t/-/languages/spanish/
timestamp: 1397656800
device: 1d-c6-5b-f4-40-08
url: http://www.elmundo.es/elmundo/fotos_24h/2010/11/19/
timestamp: 1397656991
device: 7a-d7-09-2b-f2-b7
url: https://porn.com/gallery
timestamp: 1397656820
device: 8c-48-af-b1-c1-34
url: http://www.forocoches.com/foro/showthread.php?t=1332125
timestamp: 1397656976
device: fc-62-0a-7c-16-ea
url: http://joneame.net/historia/032767
timestamp: 1397656953
device: 7a-d7-09-2b-f2-b7
url: http://www.tuexpertomovil.com/2010/11/22/iphone-4-blanco-el-modelo-oficial-en-blanco-del-iphone-4-ya-se-vende-en-china/
timestamp: 1397656901
device: 8c-48-af-b1-c1-34
url: http://news.qq.com/a/20101122/000556.htm
timestamp: 1397656928
device: ea-13-f8-a5-dd-cf
url: http://animal.org/01
timestamp: 1397656965
device: c2-45-e3-fb-2d-0e
url: http://www.20minutos.es/sas-tag/motor/minuteca/
timestamp: 1397656949
device: c2-45-e3-fb-2d-0e
url: http://www.marca.com/2010/11/22/futbol/futbol_internacional/espanoles_mundo/1290437158.html
timestamp: 1397656842
device: 21-0a-a0-75-01-f6
url: http://book.qq.com/zt2010/xxb/index.htm
timestamp: 1397656912
device: d2-36-e5-91-a0-12
url: https://xxxwild.net/content
timestamp: 1397656905
device: c0-a0-39-6e-c8-8e
url: http://identi.ca/tuxbrain
timestamp: 1397656958
device: 8c-48-af-b1-c1-34
url: https://wildfreeboobs.com/content/content
timestamp: 1397656810
device: d2-36-e5-91-a0-12
url: http://downloads.sourceforge.net/project/mecat/MeCat/1.4.6/mecat-1.4.6.jar?r=&amp
timestamp: 1397656913
device: c0-a0-39-6e-c8-8e
url: http://www.abc.es/agencias/noticia.asp?noticia%3D598546
timestamp: 1397656843
device: d2-36-e5-91-a0-12
url: http://www.facebook.com/share.php?u=http%3A%2F%2Fjoneame.net%2Fhistoria%2Fhoy-echan-cuentame
timestamp: 1397656950
device: fc-62-0a-7c-16-ea
url: http://www.bbc.co.uk/go/homepage/i/int/br/le/learningenglish/t/-/worldservice/learningenglish/
timestamp: 1397656942
device: c2-45-e3-fb-2d-0e
url: http://www.microsoft.com/learning/en/us/certification/mcsa.aspx
timestamp: 1397656860
device: 7a-d7-09-2b-f2-b7
url: http://www.microsoft.com/security/default.aspx
timestamp: 1397656962
device: c2-45-e3-fb-2d-0e
url: http://mas.lne.es/sporting/
timestamp: 1397656995
device: 9e-da-4f-04-0f-34
url: https://freegoat.info/01/01
timestamp: 1397656974
device: 9e-da-4f-04-0f-34
url: http://identi.ca/group/60/id
timestamp: 1397656959
device: 7a-d7-09-2b-f2-b7
url: http://pirata.cat/bloc/?tag=filosofia
timestamp: 1397656862
device: 7a-d7-09-2b-f2-b7
url: http://www.elmundo.es/mundodinero/2010/11/19/economia/1290166234.html
timestamp: 1397656952
device: 9e-da-4f-04-0f-34
url: http://www.finanzas.com/cotizacion/nasdaq-100.htm
timestamp: 1397656928
device: c2-45-e3-fb-2d-0e
url: http://www.20minutos.es/cartas_lectores/
timestamp: 1397656957
device: 8c-48-af-b1-c1-34
url: http://www.forochicas.com/foro/pareja/23809-paso-despues.html
timestamp: 1397656901
device: 8c-48-af-b1-c1-34
url: https://sextubewild.net/gallery
timestamp: 1397656850
device: 1d-c6-5b-f4-40-08
url: http://www.forochicas.com/foro/chicas/estrella-20842.html
timestamp: 1397656963
device: 7a-d7-09-2b-f2-b7
url: http://identi.ca/notice/delete/0000000000
timestamp: 1397656925
device: fc-62-0a-7c-16-ea
url: http://www.marca.com/deporte/rss/
timestamp: 1397656873
device: ae-da-e6-c7-25-74
url: http://www.antena3.com/series/diarios-de-la-webcam/
timestamp: 1397656870
device: c2-45-e3-fb-2d-0e
url: http://images.apple.com/global/scripts/lib/scriptaculous.js
timestamp: 1397656877
device: c0-a0-39-6e-c8-8e
url: http://www.20minutos.es/barcelona-cataluna/
timestamp: 1397656869
device: ae-da-e6-c7-25-74
url: http://twitter.com/search?q=Havers
timestamp: 1397656908
device: 8c-48-af-b1-c1-34
url: http://www.20minutos.es/encuesta/3714/0/0/
timestamp: 1397656869
device: d2-36-e5-91-a0-12
url: http://live.qq.com/detail/m/ml7un1h5d3g1nrs.html?ADTAG=inner.qqcom.index.video
timestamp: 1397656842
device: d2-36-e5-91-a0-12
url: http://learning.microsoft.com/manager/Catalog.aspx?clang=en-US&dtype=Catalog&Sort=TitleAscending&page=1&cats=%7Bca0e7beb-5559-41c6-8fb9-ee9dbf759703%7D
timestamp: 1397656826
device: 1d-c6-5b-f4-40-08
url: http://www.20minutos.es/minuteca/audiencia-nacional/
timestamp: 1397656955
device: c0-a0-39-6e-c8-8e
url: http://www.20minutos.es/noticia/854029/0/jauregui/zapatero/candidato/
timestamp: 1397656858
device: c0-a0-39-6e-c8-8e
url: http://www.marca.com/multimedia/radiomarca/
timestamp: 1397656895
device: ea-13-f8-a5-dd-cf
url: http://www.finanzas.com/cotizacion/Cintra-mercadocontinuo.htm
timestamp: 1397656960
device: 9e-da-4f-04-0f-34
url: http://www.20minutos.es/noticia/866248/0/papa/criticas/gobierno/
timestamp: 1397656861
device: 9e-da-4f-04-0f-34
url: http://finofilipino.com/tagged/v
timestamp: 1397656796
device: c0-a0-39-6e-c8-8e
url: http://www.criticalgamer.co.uk/category/features/most-wanted/
timestamp: 1397656930
device: c2-45-e3-fb-2d-0e
url: http://adsview.qq.com/adsview?c=news&l=News_F_Width2_text7&log=off
timestamp: 1397656807
device: 1d-c6-5b-f4-40-08
url: http://www.criticalgamer.co.uk/about-us/work-for-critical-gamer/
timestamp: 1397656798
device: 21-0a-a0-75-01-f6
url: http://rd.adlink.net/es/jump/forocoches.es/resto_300x250
timestamp: 1397656860
device: ae-da-e6-c7-25-74
url: http://games.qq.com/a/20101119/000093.htm
timestamp: 1397656964
device: ea-13-f8-a5-dd-cf
url: http://www.microsoft.com/windows/windows7testdrive
timestamp: 1397656895
device: ea-13-f8-a5-dd-cf
url: http://comic.qq.com/mycomic/index.htm
timestamp: 1397656889
device: fc-62-0a-7c-16-ea
url: http://www.qq.com/icp1.shtml
timestamp: 1397656806
device: fc-62-0a-7c-16-ea
url: http://boobsbieberanimal.gob/gallery/gallery
timestamp: 1397656864
device: d2-36-e5-91-a0-12
url: http://www.theesa.com/policy/scotus.asp
timestamp: 1397656800
device: ae-da-e6-c7-25-74
url: http://a.fsdn.com/con/css/sf.min.css?1290453762
timestamp: 1397656857
device: d2-36-e5-91-a0-12
url: http://www.avg.com/es-es/peoplepoweredprotection
timestamp: 1397656924
device: 21-0a-a0-75-01-f6
url: http://www.forochicas.com/foro/chicas/charly-21277.html
timestamp: 1397656815
device: 7a-d7-09-2b-f2-b7
url: http://www.marca.com/blogs/fuera-de-juego/2010/11/20/melissa-satta-la-novia-de-vieri-enamora.html
timestamp: 1397656972
device: 21-0a-a0-75-01-f6
url: http://especiales.elperiodico.com/liga_de_futbol/CAT/franja4.asp
timestamp: 1397656846
device: 21-0a-a0-75-01-f6
url: http://www.game.es/ficha/ficha.aspx?sku=070376
timestamp: 1397656932
device: c2-45-e3-fb-2d-0e
url: http://view.news.qq.com/a/20101119/000024.htm
timestamp: 1397656804
device: c0-a0-39-6e-c8-8e
url: http://d3e3i2g5p5qjmp.cloudfront.net/css/screen-v4.1.8.css
timestamp: 1397656953
device: 8c-48-af-b1-c1-34
url: http://www.20minutos.es/economia/
timestamp: 1397656947
device: ae-da-e6-c7-25-74
url: http://www.abc.es/agencias/noticia.asp?noticia=598509
timestamp: 1397656858
device: c0-a0-39-6e-c8-8e
url: http://qzonestyle.gtimg.cn/qzonestyle/qzone_client_v5/css/151/index_style_out.css
timestamp: 1397656943
device: ae-da-e6-c7-25-74
url: http://www.facebook.com/share.php?u=http%3A%2F%2Fjoneame.net%2Fhistoria%2Ftengo-una-cosa-que-decirte
timestamp: 1397656993
device: ea-13-f8-a5-dd-cf
url: http://mas.lne.es/sporting/jugadores/nacho-novo.html
timestamp: 1397656828
device: ea-13-f8-a5-dd-cf
url: http://www.facebook.com/quakecon/
timestamp: 1397656844
device: d2-36-e5-91-a0-12
url: http://www.abc.es/agencias/noticia.asp?noticia%3D598537&amp
timestamp: 1397656928
device: 1d-c6-5b-f4-40-08
url: https://goat.gob/01
timestamp: 1397656842
device: 7a-d7-09-2b-f2-b7
url: http://avatar.identi.ca/33698-24-20101101235104.jpeg
timestamp: 1397656812
device: ea-13-f8-a5-dd-cf
url: http://www.abc.es/hemeroteca/dia-17-11-2010
timestamp: 1397656907
device: 7a-d7-09-2b-f2-b7
url: http://cercador.gencat.cat/cercador/ajuda/cat/notrobeu.htm
timestamp: 1397656847
device: c0-a0-39-6e-c8-8e
url: http://lady.qq.com/a/20101118/000036.htm
timestamp: 1397656948
device: 1d-c6-5b-f4-40-08
url: http://www.elmundo.es/callejero/
timestamp: 1397656843
device: 7a-d7-09-2b-f2-b7
url: http://www.20minutos.es/region-de-murcia/
timestamp: 1397656869
device: c0-a0-39-6e-c8-8e
url: http://www.avg.com/es-es/71290
timestamp: 1397656869
device: c2-45-e3-fb-2d-0e
url: http://www.bbc.com/travel/feature/20101028-what-are-we-saving-now
timestamp: 1397656936
device: 8c-48-af-b1-c1-34
url: http://a1.twimg.com/a/1290206336/javascripts/widgets/widget.js?1290367280
timestamp: 1397656829
device: 21-0a-a0-75-01-f6
url: http://auction1.paipai.com/E406DC0A00000000006439BE06613012?PTAG=10001.3.57
timestamp: 1397656952
device: d2-36-e5-91-a0-12
url: http://technet.microsoft.com/en-us/
timestamp: 1397656946
device: c0-a0-39-6e-c8-8e
url: http://news.qq.com/gz/index.htm
timestamp: 1397656868
device: ae-da-e6-c7-25-74
url: http://lady.qq.com/a/20101119/000025.htm
timestamp: 1397656922
device: c2-45-e3-fb-2d-0e
url: http://linkscanner.avg.com/Mac/
timestamp: 1397656884
device: ae-da-e6-c7-25-74
url: http://astro.lady.qq.com/a/20101119/000014.htm
timestamp: 1397656810
device: 9e-da-4f-04-0f-34
url: https://partner.microsoft.com/global/40015789
timestamp: 1397656958
device: 9e-da-4f-04-0f-34
url: http://mas.lne.es/sporting/jugadores/juan-pablo.html
timestamp: 1397656799
device: 8c-48-af-b1-c1-34
url: http://www.avg.com/es-es/beta-program
timestamp: 1397656927
device: d2-36-e5-91-a0-12
url: http://www.youtube.com/antena3
timestamp: 1397656924
device: ea-13-f8-a5-dd-cf
url: http://www.eluniverso.com/2010/11/22/1/1361/cumbre-regional-ministros-defensa.html?p=1354&amp
timestamp: 1397656855
device: ae-da-e6-c7-25-74
url: http://estaticos.20minutos.es/mmedia/modulos/tienda_ofertas/tiendaofertas_peque.js
timestamp: 1397656860
device: 21-0a-a0-75-01-f6
url: http://clk.atdmt.com/MRT/go/264310780/direct/01/
timestamp: 1397656910
device: 7a-d7-09-2b-f2-b7
url: http://www.facebook.com/share.php?u=http%3A%2F%2Fjoneame.net%2Fhistoria%2Frecuerda-tambien-dice-primo
timestamp: 1397656932
device: 21-0a-a0-75-01-f6
url: http://www.abc.com.py/nota/oms-dice-que-entre-el-20-y-el-40-del-gasto-sanitario-se-despilfarra/
timestamp: 1397656876
device: 9e-da-4f-04-0f-34
url: https://boobsfreeboobs.xxx/gallery/content
timestamp: 1397656838
device: ea-13-f8-a5-dd-cf
url: http://nl.wikipedia.org/wiki/
timestamp: 1397656849
device: ea-13-f8-a5-dd-cf
url: http://www.infocoches.com/fotos/vorsteiner/2010-BMW-GTRS3-M3-Widebody-Coupe/
timestamp: 1397656983
device: ea-13-f8-a5-dd-cf
url: http://lady.qq.com/a/20101122/000021.htm
timestamp: 1397656978
device: 9e-da-4f-04-0f-34
url: http://s7.addthis.com/js/250/addthis_widget.js
timestamp: 1397656805
device: 8c-48-af-b1-c1-34
url: http://sports.qq.com/a/20101122/001147.htm
timestamp: 1397656935
device: 9e-da-4f-04-0f-34
url: http://social.technet.microsoft.com/Forums/en-us/categories/
timestamp: 1397656834
device: fc-62-0a-7c-16-ea
url: http://www.facebook.com/campaign/landing.php?placement=pflo&amp
timestamp: 1397656885
device: 7a-d7-09-2b-f2-b7
url: http://www.20minutos.es/noticia/878997/0/
timestamp: 1397656835
device: fc-62-0a-7c-16-ea
url: http://joneame.net/trackback.php?id=32583
timestamp: 1397656827
device: 9e-da-4f-04-0f-34
url: http://www.bbc.co.uk/news/business-11735404?OCID=spttb
timestamp: 1397656967
device: 21-0a-a0-75-01-f6
url: http://i.media-imdb.com/images/SF1c05d2599bfc9132fc0ec9b4f6ae1e74/imdbsearch.xml
timestamp: 1397656917
device: ea-13-f8-a5-dd-cf
url: http://www.antena3.com/bases-concursos
timestamp: 1397656808
device: ae-da-e6-c7-25-74
url: http://t0.qlogo.cn/mbloghead/2f800942611f9196ebfc/50
timestamp: 1397656830
device: 8c-48-af-b1-c1-34
url: http://www.gencat.cat/temes/cat/index.htm
timestamp: 1397656996
device: 21-0a-a0-75-01-f6
url: http://www.qq.com/map.swf
timestamp: 1397656854
device: 9e-da-4f-04-0f-34
url: http://adsview.qq.com/adsview?c=www&l=QQ_SX_LX_Test7&log=off
timestamp: 1397656875
device: 7a-d7-09-2b-f2-b7
url: http://www.bbc.co.uk/terms/
timestamp: 1397656954
device: c0-a0-39-6e-c8-8e
url: http://net.china.cn/ywdt/txt/2009-03/18/content_2796925.htm
timestamp: 1397656867
device: 8c-48-af-b1-c1-34
url: http://freesexporn.gob/page
timestamp: 1397656831
device: c2-45-e3-fb-2d-0e
url: http://luxury.qq.com/a/20101119/000008.htm
timestamp: 1397656817
device: fc-62-0a-7c-16-ea
url: http://www.sanborondon.info/content/archivecategory/0/
timestamp: 1397656983
device: c2-45-e3-fb-2d-0e
url: http://bookapp.book.qq.com/cgi-bin/GetUserInfo?cmd=js&cache=
timestamp: 1397656965
device: fc-62-0a-7c-16-ea
url: http://www.marca.com/multimedia/en-tu-movil/
timestamp: 1397656878
device: c0-a0-39-6e-c8-8e
url: http://about.digg.com/partnership
timestamp: 1397656821
device: 1d-c6-5b-f4-40-08
url: http://news.google.com/intl/es_es/about_google_news.html
timestamp: 1397656987
device: 7a-d7-09-2b-f2-b7
url: http://view.atdmt.com/jaction/FY11_Dynamics_Ini_Prd_FreeTrialAB2_Con
timestamp: 1397656924
device: c2-45-e3-fb-2d-0e
url: http://www.marcaplayer.com/2010/11/19/xbox360/1290158935.html
timestamp: 1397656994
device: c0-a0-39-6e-c8-8e
url: http://support.microsoft.com/contactus/?ws=mscom
timestamp: 1397656931
device: 21-0a-a0-75-01-f6
url: http://www.fileplanet.com/203811/200000/fileinfo/Wolfenstein-Patch-v1.11
timestamp: 1397656977
device: ae-da-e6-c7-25-74
url: http://www.playstationthemagazine.com/assets/POM0910_Rage.pdf
timestamp: 1397656827
device: c0-a0-39-6e-c8-8e
url: http://www.20minutos.es/minuteca/chevrolet
timestamp: 1397656953
device: d2-36-e5-91-a0-12
url: http://wp.me/14TOo
timestamp: 1397656851
device: 8c-48-af-b1-c1-34
url: https://goatanimal.xxx/content
timestamp: 1397656803
device: ea-13-f8-a5-dd-cf
url: http://www.elmundo.es/elmundo/2010/11/18/loteria/1290097236.html
timestamp: 1397656993
device: d2-36-e5-91-a0-12
url: http://www.qq.com/js/j.soso.weatherV2.0.2.js
timestamp: 1397656989
device: 21-0a-a0-75-01-f6
url: http://www.elmundo.es/encuentros/invitados/2010/11/4443/index.html
timestamp: 1397656828
device: c2-45-e3-fb-2d-0e
url: http://identi.ca/notice/59113942
timestamp: 1397656848
device: ea-13-f8-a5-dd-cf
url: http://www.google.com/hostednews/afp/article/ALeqM5jOQQv_ODG1CYDt8K7E68HAvW4zeg?docId=CNG.56a6dc6bc105f154038d1a5928dfe327.491
timestamp: 1397656893
device: 21-0a-a0-75-01-f6
url: http://www.20minutos.es/noticia/877945/0/grecia/millones/rescate/
timestamp: 1397656857
device: ae-da-e6-c7-25-74
url: http://identi.ca/plugins/Realtime/realtimeupdate.css?version=0.9.6
timestamp: 1397656985
device: fc-62-0a-7c-16-ea
url: http://www.20minutos.es/noticia/879044/0/
timestamp: 1397656801
device: c0-a0-39-6e-c8-8e
url: http://connect.facebook.net/es_ES/all.js
timestamp: 1397656949
device: 9e-da-4f-04-0f-34
url: http://www.20minutos.es/noticia/879031/0/
timestamp: 1397656960
device: 21-0a-a0-75-01-f6
url: http://www.bbc.co.uk/news/entertainment-arts-11819396
timestamp: 1397656975
device: 8c-48-af-b1-c1-34
url: http://identi.ca/group/linux
timestamp: 1397656851
device: c2-45-e3-fb-2d-0e
url: http://tech.qq.com/a/20101119/000147.htm
timestamp: 1397656904
device: ae-da-e6-c7-25-74
url: http://news.qq.com/sh/index.htm
timestamp: 1397656976
device: 8c-48-af-b1-c1-34
url: http://www.criticalgamer.co.uk/2010/08/05/legend-of-the-guardians-the-owls-of-gahoole-screenshots-revealed/
timestamp: 1397656916
device: 1d-c6-5b-f4-40-08
url: http://lestevesimatges.elperiodico.cat/enviar.php
timestamp: 1397656802
device: d2-36-e5-91-a0-12
url: http://crm.dynamics.com/customers
timestamp: 1397656979
device: 8c-48-af-b1-c1-34
url: http://www.infocoches.com/fotos/
timestamp: 1397656803
device: 1d-c6-5b-f4-40-08
url: http://adsview.qq.com/adsview?c=news&l=News_F_TSTX_6&log=off
timestamp: 1397656823
device: 7a-d7-09-2b-f2-b7
url: http://book.qq.com/rankcount/lz_ph_rcm_month.htm
timestamp: 1397656946
device: c0-a0-39-6e-c8-8e
url: http://www.elmundo.es/encuentros/invitados/2010/11/4437/index.html
timestamp: 1397656835
device: 21-0a-a0-75-01-f6
url: http://downloads.sourceforge.net/project/medialibrary/Medialibrary%20-%20unstable/0.8.0_pre1/MediaLibrary_0.8.0_pre1-install.jar?r=&amp
timestamp: 1397656801
device: 7a-d7-09-2b-f2-b7
url: http://www.abc.es/videos-nacional/20101122/comienza-exhumacion-cadaveres-ancianos-683655545001.html
timestamp: 1397656907
device: 8c-48-af-b1-c1-34
url: http://www.forochicas.com/foro/pareja/22263-opinais-vuestra-pareja-vea-porno.html
timestamp: 1397656964
device: fc-62-0a-7c-16-ea
url: http://ru.wikipedia.org/wiki/
timestamp: 1397656885
device: ae-da-e6-c7-25-74
url: http://www.globaliza.com/alquiler-pisos-en-barcelona.jsp
timestamp: 1397656814
device: 1d-c6-5b-f4-40-08
url: http://www.20minutos.es/nacional/
timestamp: 1397656981
device: 8c-48-af-b1-c1-34
url: http://www.avg.com/es-es/beta-program
timestamp: 1397656902
device: ea-13-f8-a5-dd-cf
url: http://twitter.com/home?status=16
timestamp: 1397656812
device: 8c-48-af-b1-c1-34
url: http://www.lwnetwork.com/lwnet/legal.php?ident=forochicas.com
timestamp: 1397656891
device: c0-a0-39-6e-c8-8e
url: http://book.qq.com/s/book/0/20/20287/index.shtml
timestamp: 1397656805
device: c2-45-e3-fb-2d-0e
url: http://www.elmundo.es/elmundo/2009/11/09/espana/1257802107.html
timestamp: 1397656956
device: fc-62-0a-7c-16-ea
url: http://www.inverforo.com/foro/vivienda/
timestamp: 1397656817
device: 1d-c6-5b-f4-40-08
url: http://www.bbc.co.uk/go/homepage/i/int/br/ne/americas/t/-/news/2/hi/americas/default.stm
timestamp: 1397656875
device: 8c-48-af-b1-c1-34
url: http://www.stderr.nl/Blog/Software/Mutt/MuttRemoteAttachments.html?seemore=y
timestamp: 1397656806
device: ea-13-f8-a5-dd-cf
url: http://www.forochicas.com/foro/inlinemod.php?forumid=20
timestamp: 1397656952
device: 8c-48-af-b1-c1-34
url: http://sports.qq.com/a/20101122/000322.htm
timestamp: 1397656891
device: ae-da-e6-c7-25-74
url: http://www.20minutos.es/motor/coches-nuevos/skoda/
timestamp: 1397656828
device: 9e-da-4f-04-0f-34
url: http://www.20minutos.es/noticia/880529/0/lakers/gasol/calderon/
timestamp: 1397656822
device: 7a-d7-09-2b-f2-b7
url: http://www.qq.com/iskin960/
timestamp: 1397656808
device: 1d-c6-5b-f4-40-08
url: http://www.elmundo.es/elmundodeporte/futbol/ligas-europeas/
timestamp: 1397656887
device: fc-62-0a-7c-16-ea
url: http://www.europapress.es/chance/elbuenvivir/
timestamp: 1397656914
device: c0-a0-39-6e-c8-8e
url: https://sex.org/content/content
timestamp: 1397656933
device: ae-da-e6-c7-25-74
url: http://www.20minutos.es/museo-virtual/
timestamp: 1397656968
device: ea-13-f8-a5-dd-cf
url: http://www.elmundo.es/elmundo/trailers/fichas/2010/11/5223_el_ultimo_exorcismo.html
timestamp: 1397656996
device: d2-36-e5-91-a0-12
url: http://clk.atdmt.com/IN3/go/202997079/direct/01/
timestamp: 1397656873
device: 7a-d7-09-2b-f2-b7
url: http://partner.googleadservices.com/gampad/google_service.js
timestamp: 1397656919
device: d2-36-e5-91-a0-12
url: http://www.marca.com/estadisticas/futbol/primera/clasificacion.html
timestamp: 1397656839
device: c0-a0-39-6e-c8-8e
url: http://www.forochicas.com/foro/chicas/vicky-21933.html
timestamp: 1397656819
device: fc-62-0a-7c-16-ea
url: http://blogs.20minutos.es/quemepongo/2010/11/19/paula-echevarria-monica-cruz-y-natasha-yarovenko-traen-la-navidad/
timestamp: 1397656933
device: ea-13-f8-a5-dd-cf
url: http://www.20minutos.es/motor/coches-nuevos/porsche/
timestamp: 1397656932
device: 21-0a-a0-75-01-f6
url: http://ia.media-imdb.com/images/M/MV5BMTg1NjM4MTEwOV5BMl5Bc3dmXkFtZTcwODk5Njg4Mw
timestamp: 1397656926
device: 9e-da-4f-04-0f-34
url: http://www.marca.com/futbol/futbol_internacional/bundesliga.html
timestamp: 1397656994
device: ea-13-f8-a5-dd-cf
url: http://www.abc.es/20101122/local-cataluna/montilla-descarta-apoyar-eventual-201011221003.html
timestamp: 1397656818
device: d2-36-e5-91-a0-12
url: http://search.microsoft.com/Results.aspx?qsc0=0&amp
timestamp: 1397656942
device: 9e-da-4f-04-0f-34
url: http://mat1.gtimg.com/www/mb/css/style_101119.css
timestamp: 1397656877
device: c0-a0-39-6e-c8-8e
url: http://sports.qq.com/a/20101114/000874.htm
timestamp: 1397656833
device: ea-13-f8-a5-dd-cf
url: http://finofilipino.com/tagged/animales
timestamp: 1397656937
device: 21-0a-a0-75-01-f6
url: http://foros.20minutos.es/viewforum.php?f=82
timestamp: 1397656912
device: 9e-da-4f-04-0f-34
url: http://joneame.net/historia/032406
timestamp: 1397656802
device: 9e-da-4f-04-0f-34
url: http://rss.qq.com/news.htm
timestamp: 1397656877
device: ae-da-e6-c7-25-74
url: http://c.l.qq.com/adsclick?oid=1197855&loc=News_ZS_text1
timestamp: 1397656914
device: ea-13-f8-a5-dd-cf
url: http://porn.com/content/pictures
timestamp: 1397656848
device: d2-36-e5-91-a0-12
url: http://www.infocoches.com/fotos/prior-design/2011-BMW-E92-Widebody/
timestamp: 1397656946
device: 1d-c6-5b-f4-40-08
url: http://sports.qq.com/a/20101119/001889.htm
timestamp: 1397656818
device: 8c-48-af-b1-c1-34
url: http://openx.alimarket.es/www/delivery/avw.php?zoneid=165&amp
timestamp: 1397656840
device: 7a-d7-09-2b-f2-b7
url: http://www.imdb.com/title/tt1031243/
timestamp: 1397656822